

Processing ApplicationController#index (for 127.0.0.1 at 2009-04-28 23:31:40) [GET]

ActionController::RoutingError (No route matches "/category" with {:method=>:get}):
  c:/ruby/lib/ruby/1.8/webrick/httpserver.rb:104:in `service'
  c:/ruby/lib/ruby/1.8/webrick/httpserver.rb:65:in `run'
  c:/ruby/lib/ruby/1.8/webrick/server.rb:173:in `start_thread'
  c:/ruby/lib/ruby/1.8/webrick/server.rb:162:in `start'
  c:/ruby/lib/ruby/1.8/webrick/server.rb:162:in `start_thread'
  c:/ruby/lib/ruby/1.8/webrick/server.rb:95:in `start'
  c:/ruby/lib/ruby/1.8/webrick/server.rb:92:in `each'
  c:/ruby/lib/ruby/1.8/webrick/server.rb:92:in `start'
  c:/ruby/lib/ruby/1.8/webrick/server.rb:23:in `start'
  c:/ruby/lib/ruby/1.8/webrick/server.rb:82:in `start'

Rendering rescues/layout (not_found)


Processing ApplicationController#index (for 127.0.0.1 at 2009-04-28 23:31:48) [GET]

ActionController::RoutingError (No route matches "/Category" with {:method=>:get}):
  c:/ruby/lib/ruby/1.8/webrick/httpserver.rb:104:in `service'
  c:/ruby/lib/ruby/1.8/webrick/httpserver.rb:65:in `run'
  c:/ruby/lib/ruby/1.8/webrick/server.rb:173:in `start_thread'
  c:/ruby/lib/ruby/1.8/webrick/server.rb:162:in `start'
  c:/ruby/lib/ruby/1.8/webrick/server.rb:162:in `start_thread'
  c:/ruby/lib/ruby/1.8/webrick/server.rb:95:in `start'
  c:/ruby/lib/ruby/1.8/webrick/server.rb:92:in `each'
  c:/ruby/lib/ruby/1.8/webrick/server.rb:92:in `start'
  c:/ruby/lib/ruby/1.8/webrick/server.rb:23:in `start'
  c:/ruby/lib/ruby/1.8/webrick/server.rb:82:in `start'

Rendering rescues/layout (not_found)


Processing ApplicationController#index (for 127.0.0.1 at 2009-04-28 23:32:01) [GET]

ActionController::RoutingError (No route matches "/Category/" with {:method=>:get}):
  c:/ruby/lib/ruby/1.8/webrick/httpserver.rb:104:in `service'
  c:/ruby/lib/ruby/1.8/webrick/httpserver.rb:65:in `run'
  c:/ruby/lib/ruby/1.8/webrick/server.rb:173:in `start_thread'
  c:/ruby/lib/ruby/1.8/webrick/server.rb:162:in `start'
  c:/ruby/lib/ruby/1.8/webrick/server.rb:162:in `start_thread'
  c:/ruby/lib/ruby/1.8/webrick/server.rb:95:in `start'
  c:/ruby/lib/ruby/1.8/webrick/server.rb:92:in `each'
  c:/ruby/lib/ruby/1.8/webrick/server.rb:92:in `start'
  c:/ruby/lib/ruby/1.8/webrick/server.rb:23:in `start'
  c:/ruby/lib/ruby/1.8/webrick/server.rb:82:in `start'

Rendering rescues/layout (not_found)


Processing ApplicationController#index (for 127.0.0.1 at 2009-04-28 23:33:57) [GET]

ActionController::RoutingError (No route matches "/categorys" with {:method=>:get}):
  c:/ruby/lib/ruby/1.8/webrick/httpserver.rb:104:in `service'
  c:/ruby/lib/ruby/1.8/webrick/httpserver.rb:65:in `run'
  c:/ruby/lib/ruby/1.8/webrick/server.rb:173:in `start_thread'
  c:/ruby/lib/ruby/1.8/webrick/server.rb:162:in `start'
  c:/ruby/lib/ruby/1.8/webrick/server.rb:162:in `start_thread'
  c:/ruby/lib/ruby/1.8/webrick/server.rb:95:in `start'
  c:/ruby/lib/ruby/1.8/webrick/server.rb:92:in `each'
  c:/ruby/lib/ruby/1.8/webrick/server.rb:92:in `start'
  c:/ruby/lib/ruby/1.8/webrick/server.rb:23:in `start'
  c:/ruby/lib/ruby/1.8/webrick/server.rb:82:in `start'

Rendering rescues/layout (not_found)


Processing CategoriesController#index (for 127.0.0.1 at 2009-04-28 23:34:02) [GET]
  [4;36;1mCategory Load (0.0ms)[0m   [0;1mSQLite3::SQLException: no such table: categories: SELECT * FROM "categories" [0m

ActiveRecord::StatementInvalid (SQLite3::SQLException: no such table: categories: SELECT * FROM "categories" ):
  app/controllers/categories_controller.rb:5:in `index'
  c:/ruby/lib/ruby/1.8/webrick/httpserver.rb:104:in `service'
  c:/ruby/lib/ruby/1.8/webrick/httpserver.rb:65:in `run'
  c:/ruby/lib/ruby/1.8/webrick/server.rb:173:in `start_thread'
  c:/ruby/lib/ruby/1.8/webrick/server.rb:162:in `start'
  c:/ruby/lib/ruby/1.8/webrick/server.rb:162:in `start_thread'
  c:/ruby/lib/ruby/1.8/webrick/server.rb:95:in `start'
  c:/ruby/lib/ruby/1.8/webrick/server.rb:92:in `each'
  c:/ruby/lib/ruby/1.8/webrick/server.rb:92:in `start'
  c:/ruby/lib/ruby/1.8/webrick/server.rb:23:in `start'
  c:/ruby/lib/ruby/1.8/webrick/server.rb:82:in `start'

Rendered rescues/_trace (66.0ms)
Rendered rescues/_request_and_response (2.0ms)
Rendering rescues/layout (internal_server_error)
  [4;36;1mSQL (1.0ms)[0m   [0;1m SELECT name
 FROM sqlite_master
 WHERE type = 'table' AND NOT name = 'sqlite_sequence'
[0m
  [4;35;1mSQL (0.0ms)[0m   [0mselect sqlite_version(*)[0m
  [4;36;1mSQL (5.0ms)[0m   [0;1mCREATE TABLE "schema_migrations" ("version" varchar(255) NOT NULL) [0m
  [4;35;1mSQL (6.0ms)[0m   [0mCREATE UNIQUE INDEX "unique_schema_migrations" ON "schema_migrations" ("version")[0m
  [4;36;1mSQL (0.0ms)[0m   [0;1m SELECT name
 FROM sqlite_master
 WHERE type = 'table' AND NOT name = 'sqlite_sequence'
[0m
  [4;35;1mSQL (0.0ms)[0m   [0mSELECT version FROM schema_migrations[0m
Migrating to CreateCategories (20090428201410)
  [4;36;1mSQL (2.0ms)[0m   [0;1mCREATE TABLE "categories" ("id" INTEGER PRIMARY KEY AUTOINCREMENT NOT NULL, "Code" varchar(255), "Name" varchar(255), "created_at" datetime, "updated_at" datetime) [0m
  [4;35;1mSQL (0.0ms)[0m   [0mINSERT INTO schema_migrations (version) VALUES ('20090428201410')[0m
Migrating to CreateProducts (20090428201649)
  [4;36;1mSQL (2.0ms)[0m   [0;1mCREATE TABLE "products" ("id" INTEGER PRIMARY KEY AUTOINCREMENT NOT NULL, "Code" varchar(255), "Name" varchar(255), "Description" text, "ImageURL" varchar(255), "KeyWords" varchar(255), "Category_id" integer, "created_at" datetime, "updated_at" datetime) [0m
  [4;35;1mSQL (1.0ms)[0m   [0mINSERT INTO schema_migrations (version) VALUES ('20090428201649')[0m
Migrating to CreateProductModels (20090428202057)
  [4;36;1mSQL (3.0ms)[0m   [0;1mCREATE TABLE "product_models" ("id" INTEGER PRIMARY KEY AUTOINCREMENT NOT NULL, "Serial" integer, "Name" varchar(255), "Price" integer, "Discount" float, "IsSpecialOffer" boolean, "Rate" integer, "Description" text, "Features" text, "ImageURL" varchar(255), "QuantityOnHand" integer, "ReorderPoint" integer, "Size" varchar(255), "SalesPackageContent" text, "RelatedDocumentURL" varchar(255), "Product_id" integer, "created_at" datetime, "updated_at" datetime) [0m
  [4;35;1mSQL (0.0ms)[0m   [0mINSERT INTO schema_migrations (version) VALUES ('20090428202057')[0m
  [4;36;1mSQL (1.0ms)[0m   [0;1m SELECT name
 FROM sqlite_master
 WHERE type = 'table' AND NOT name = 'sqlite_sequence'
[0m
  [4;35;1mSQL (0.0ms)[0m   [0mSELECT version FROM schema_migrations[0m
  [4;36;1mSQL (0.0ms)[0m   [0;1m SELECT name
 FROM sqlite_master
 WHERE type = 'table' AND NOT name = 'sqlite_sequence'
[0m
  [4;35;1mSQL (0.0ms)[0m   [0mPRAGMA index_list("categories")[0m
  [4;36;1mSQL (0.0ms)[0m   [0;1mPRAGMA index_list("product_models")[0m
  [4;35;1mSQL (0.0ms)[0m   [0mPRAGMA index_list("products")[0m


Processing CategoriesController#index (for 127.0.0.1 at 2009-04-28 23:35:14) [GET]
  [4;36;1mCategory Load (1.0ms)[0m   [0;1mSELECT * FROM "categories" [0m
Rendering template within layouts/categories
Rendering categories/index
Completed in 2840ms (View: 2776, DB: 1) | 200 OK [http://localhost/categories]


Processing CategoriesController#new (for 127.0.0.1 at 2009-04-28 23:35:19) [GET]
Rendering template within layouts/categories
Rendering categories/new
Completed in 26ms (View: 14, DB: 0) | 200 OK [http://localhost/categories/new]


Processing CategoriesController#create (for 127.0.0.1 at 2009-04-28 23:35:28) [POST]
  Parameters: {"category"=>{"Name"=>"Food", "Code"=>"1"}, "commit"=>"Create", "authenticity_token"=>"MSyfzplxbIlu9axQ9T1UvSepDHk23WqChI8DcXsN1d4="}
  [4;35;1mCategory Create (2.0ms)[0m   [0mINSERT INTO "categories" ("Name", "updated_at", "Code", "created_at") VALUES('Food', '2009-04-28 20:35:28', '1', '2009-04-28 20:35:28')[0m
Redirected to http://localhost:3000/categories/1
Completed in 124ms (DB: 2) | 302 Found [http://localhost/categories]


Processing CategoriesController#show (for 127.0.0.1 at 2009-04-28 23:35:28) [GET]
  Parameters: {"id"=>"1"}
  [4;36;1mCategory Load (0.0ms)[0m   [0;1mSELECT * FROM "categories" WHERE ("categories"."id" = 1) [0m
Rendering template within layouts/categories
Rendering categories/show
Completed in 23ms (View: 11, DB: 0) | 200 OK [http://localhost/categories/1]


Processing CategoriesController#index (for 127.0.0.1 at 2009-04-28 23:35:35) [GET]
  [4;35;1mCategory Load (1.0ms)[0m   [0mSELECT * FROM "categories" [0m
Rendering template within layouts/categories
Rendering categories/index
Completed in 19ms (View: 7, DB: 1) | 200 OK [http://localhost/categories]


Processing CategoriesController#new (for 127.0.0.1 at 2009-04-28 23:35:37) [GET]
Rendering template within layouts/categories
Rendering categories/new
Completed in 21ms (View: 7, DB: 0) | 200 OK [http://localhost/categories/new]


Processing CategoriesController#create (for 127.0.0.1 at 2009-04-28 23:35:42) [POST]
  Parameters: {"category"=>{"Name"=>"Cloth", "Code"=>"2"}, "commit"=>"Create", "authenticity_token"=>"MSyfzplxbIlu9axQ9T1UvSepDHk23WqChI8DcXsN1d4="}
  [4;36;1mCategory Create (2.0ms)[0m   [0;1mINSERT INTO "categories" ("Name", "updated_at", "Code", "created_at") VALUES('Cloth', '2009-04-28 20:35:42', '2', '2009-04-28 20:35:42')[0m
Redirected to http://localhost:3000/categories/2
Completed in 23ms (DB: 2) | 302 Found [http://localhost/categories]


Processing CategoriesController#show (for 127.0.0.1 at 2009-04-28 23:35:42) [GET]
  Parameters: {"id"=>"2"}
  [4;35;1mCategory Load (0.0ms)[0m   [0mSELECT * FROM "categories" WHERE ("categories"."id" = 2) [0m
Rendering template within layouts/categories
Rendering categories/show
Completed in 16ms (View: 4, DB: 0) | 200 OK [http://localhost/categories/2]


Processing CategoriesController#index (for 127.0.0.1 at 2009-04-28 23:35:50) [GET]
  [4;36;1mCategory Load (1.0ms)[0m   [0;1mSELECT * FROM "categories" [0m
Rendering template within layouts/categories
Rendering categories/index
Completed in 23ms (View: 9, DB: 1) | 200 OK [http://localhost/categories]


Processing ProductsController#index (for 127.0.0.1 at 2009-04-28 23:36:15) [GET]
  [4;35;1mProduct Load (1.0ms)[0m   [0mSELECT * FROM "products" [0m
Rendering template within layouts/products
Rendering products/index
Completed in 110ms (View: 33, DB: 1) | 200 OK [http://localhost/products]


Processing ProductsController#new (for 127.0.0.1 at 2009-04-28 23:36:51) [GET]
Rendering template within layouts/products
Rendering products/new
Completed in 94ms (View: 78, DB: 0) | 200 OK [http://localhost/products/new]


Processing ProductsController#create (for 127.0.0.1 at 2009-04-28 23:37:34) [POST]
  Parameters: {"commit"=>"Create", "authenticity_token"=>"MSyfzplxbIlu9axQ9T1UvSepDHk23WqChI8DcXsN1d4=", "product"=>{"Name"=>"Rice", "ImageURL"=>"", "Code"=>"11", "Category_id"=>"1", "KeyWords"=>"rice", "Description"=>"Nice Rice!"}}
  [4;36;1mProduct Create (2.0ms)[0m   [0;1mINSERT INTO "products" ("Name", "updated_at", "Code", "ImageURL", "Category_id", "Description", "KeyWords", "created_at") VALUES('Rice', '2009-04-28 20:37:34', '11', '', 1, 'Nice Rice!', 'rice', '2009-04-28 20:37:34')[0m
Redirected to http://localhost:3000/products/1
Completed in 29ms (DB: 2) | 302 Found [http://localhost/products]


Processing ProductsController#show (for 127.0.0.1 at 2009-04-28 23:37:34) [GET]
  Parameters: {"id"=>"1"}
  [4;35;1mProduct Load (0.0ms)[0m   [0mSELECT * FROM "products" WHERE ("products"."id" = 1) [0m
Rendering template within layouts/products
Rendering products/show
Completed in 26ms (View: 13, DB: 0) | 200 OK [http://localhost/products/1]


Processing ProductsController#index (for 127.0.0.1 at 2009-04-28 23:37:37) [GET]
  [4;36;1mProduct Load (1.0ms)[0m   [0;1mSELECT * FROM "products" [0m
Rendering template within layouts/products
Rendering products/index
Completed in 25ms (View: 10, DB: 1) | 200 OK [http://localhost/products]


Processing CategoriesController#index (for 127.0.0.1 at 2009-04-29 20:07:27) [GET]
  [4;36;1mCategory Load (16.0ms)[0m   [0;1mSELECT * FROM "categories" [0m
Rendering template within layouts/categories
Rendering categories/index
Completed in 2776ms (View: 2667, DB: 16) | 200 OK [http://localhost/categories]


Processing CategoriesController#new (for 127.0.0.1 at 2009-04-29 20:07:46) [GET]
Rendering template within layouts/categories
Rendering categories/new
Completed in 31ms (View: 16, DB: 0) | 200 OK [http://localhost/categories/new]


Processing CategoriesController#index (for 127.0.0.1 at 2009-04-29 20:07:49) [GET]
  [4;35;1mCategory Load (1.0ms)[0m   [0mSELECT * FROM "categories" [0m
Rendering template within layouts/categories
Rendering categories/index
Completed in 12ms (View: 9, DB: 1) | 200 OK [http://localhost/categories]


Processing CategoriesController#show (for 127.0.0.1 at 2009-04-29 20:07:51) [GET]
  Parameters: {"id"=>"1"}
  [4;36;1mCategory Load (0.0ms)[0m   [0;1mSELECT * FROM "categories" WHERE ("categories"."id" = 1) [0m
Rendering template within layouts/categories
Rendering categories/show
Completed in 61ms (View: 9, DB: 0) | 200 OK [http://localhost/categories/1]


Processing CategoriesController#edit (for 127.0.0.1 at 2009-04-29 20:07:57) [GET]
  Parameters: {"id"=>"1"}
  [4;35;1mCategory Load (0.0ms)[0m   [0mSELECT * FROM "categories" WHERE ("categories"."id" = 1) [0m
Rendering template within layouts/categories
Rendering categories/edit
Completed in 24ms (View: 12, DB: 0) | 200 OK [http://localhost/categories/1/edit]


Processing CategoriesController#index (for 127.0.0.1 at 2009-04-29 20:08:00) [GET]
  [4;36;1mCategory Load (0.0ms)[0m   [0;1mSELECT * FROM "categories" [0m
Rendering template within layouts/categories
Rendering categories/index
Completed in 6ms (View: 5, DB: 0) | 200 OK [http://localhost/categories]


Processing ProductsController#index (for 127.0.0.1 at 2009-04-29 20:08:10) [GET]
  [4;35;1mProduct Load (0.0ms)[0m   [0mSELECT * FROM "products" [0m
Rendering template within layouts/products
Rendering products/index
Completed in 125ms (View: 63, DB: 0) | 200 OK [http://localhost/products]


Processing ProductsController#new (for 127.0.0.1 at 2009-04-29 20:08:17) [GET]
Rendering template within layouts/products
Rendering products/new
Completed in 71ms (View: 59, DB: 0) | 200 OK [http://localhost/products/new]


Processing ProductsController#index (for 127.0.0.1 at 2009-04-29 20:08:35) [GET]
  [4;36;1mProduct Load (0.0ms)[0m   [0;1mSELECT * FROM "products" [0m
Rendering template within layouts/products
Rendering products/index
Completed in 31ms (View: 16, DB: 0) | 200 OK [http://localhost/products]


Processing CategoriesController#index (for 127.0.0.1 at 2009-04-29 20:08:36) [GET]
  [4;35;1mCategory Load (1.0ms)[0m   [0mSELECT * FROM "categories" [0m
Rendering template within layouts/categories
Rendering categories/index
Completed in 112ms (View: 101, DB: 1) | 200 OK [http://localhost/categories]


Processing ProductModelsController#index (for 127.0.0.1 at 2009-04-29 20:08:48) [GET]
  [4;36;1mProductModel Load (0.0ms)[0m   [0;1mSELECT * FROM "product_models" [0m
Rendering template within layouts/product_models
Rendering product_models/index
Completed in 62ms (View: 62, DB: 0) | 200 OK [http://localhost/product_models]


Processing ProductModelsController#new (for 127.0.0.1 at 2009-04-29 20:08:53) [GET]
Rendering template within layouts/product_models
Rendering product_models/new
Completed in 106ms (View: 93, DB: 0) | 200 OK [http://localhost/product_models/new]


Processing ProductsController#index (for 127.0.0.1 at 2009-05-05 19:59:23) [GET]
  [4;36;1mProduct Load (28.0ms)[0m   [0;1mSELECT * FROM "products" [0m
Rendering template within layouts/products
Rendering products/index
Completed in 7901ms (View: 7572, DB: 28) | 200 OK [http://127.0.0.1/products]


Processing ProductsController#new (for 127.0.0.1 at 2009-05-05 20:00:15) [GET]
Rendering template within layouts/products
Rendering products/new
Completed in 182ms (View: 155, DB: 0) | 200 OK [http://127.0.0.1/products/new]


Processing ProductsController#index (for 127.0.0.1 at 2009-05-06 09:01:55) [GET]
  [4;35;1mProduct Load (3.0ms)[0m   [0mSELECT * FROM "products" [0m
Rendering template within layouts/products
Rendering products/index
Completed in 49ms (View: 19, DB: 3) | 200 OK [http://127.0.0.1/products/]


Processing ProductsController#show (for 127.0.0.1 at 2009-05-06 09:01:58) [GET]
  Parameters: {"id"=>"1"}
  [4;36;1mProduct Load (1.0ms)[0m   [0;1mSELECT * FROM "products" WHERE ("products"."id" = 1) [0m
Rendering template within layouts/products
Rendering products/show

ActionView::TemplateError (You have a nil object when you didn't expect it!
The error occurred while evaluating nil.name) on line #3 of app/views/products/show.html.erb:
1: <p>
2:   <b>Category:</b>
3:   <%=h @product.category.name %>
4: </p>
5: <p>
6:   <b>Code:</b>

    app/views/products/show.html.erb:3
    app/controllers/products_controller.rb:18:in `show'
    -e:2:in `load'
    -e:2

Rendered rescues/_trace (337.0ms)
Rendered rescues/_request_and_response (7.0ms)
Rendering rescues/layout (internal_server_error)


Processing ProductsController#show (for 127.0.0.1 at 2009-05-06 09:02:57) [GET]
  Parameters: {"id"=>"1"}
  [4;36;1mProduct Load (1.0ms)[0m   [0;1mSELECT * FROM "products" WHERE ("products"."id" = 1) [0m
Rendering template within layouts/products
Rendering products/show

ActionView::TemplateError (You have a nil object when you didn't expect it!
The error occurred while evaluating nil.name) on line #3 of app/views/products/show.html.erb:
1: <p>
2:   <b>Category:</b>
3:   <%=h @product.category.name %>
4: </p>
5: <p>
6:   <b>Code:</b>

    app/views/products/show.html.erb:3
    app/controllers/products_controller.rb:18:in `show'
    -e:2:in `load'
    -e:2

Rendered rescues/_trace (197.0ms)
Rendered rescues/_request_and_response (6.0ms)
Rendering rescues/layout (internal_server_error)


Processing ProductsController#show (for 127.0.0.1 at 2009-05-06 09:03:02) [GET]
  Parameters: {"id"=>"1"}
  [4;35;1mProduct Load (1.0ms)[0m   [0mSELECT * FROM "products" WHERE ("products"."id" = 1) [0m
Rendering template within layouts/products
Rendering products/show

ActionView::TemplateError (You have a nil object when you didn't expect it!
The error occurred while evaluating nil.name) on line #3 of app/views/products/show.html.erb:
1: <p>
2:   <b>Category:</b>
3:   <%=h @product.category.name %>
4: </p>
5: <p>
6:   <b>Code:</b>

    app/views/products/show.html.erb:3
    app/controllers/products_controller.rb:18:in `show'
    -e:2:in `load'
    -e:2

Rendered rescues/_trace (330.0ms)
Rendered rescues/_request_and_response (1.0ms)
Rendering rescues/layout (internal_server_error)


Processing ProductsController#index (for 127.0.0.1 at 2009-05-06 09:03:06) [GET]
  [4;36;1mProduct Load (2.0ms)[0m   [0;1mSELECT * FROM "products" [0m
Rendering template within layouts/products
Rendering products/index
Completed in 1288ms (View: 1262, DB: 2) | 200 OK [http://127.0.0.1/products/]


Processing ProductsController#edit (for 127.0.0.1 at 2009-05-06 09:03:09) [GET]
  Parameters: {"id"=>"1"}
  [4;35;1mProduct Load (1.0ms)[0m   [0mSELECT * FROM "products" WHERE ("products"."id" = 1) [0m
  [4;36;1mCategory Load (1.0ms)[0m   [0;1mSELECT * FROM "categories" [0m
Rendering template within layouts/products
Rendering products/edit
Completed in 120ms (View: 75, DB: 2) | 200 OK [http://127.0.0.1/products/1/edit]


Processing ProductsController#index (for 127.0.0.1 at 2009-05-06 09:03:13) [GET]
  [4;35;1mProduct Load (2.0ms)[0m   [0mSELECT * FROM "products" [0m
Rendering template within layouts/products
Rendering products/index
Completed in 43ms (View: 19, DB: 2) | 200 OK [http://127.0.0.1/products/]


Processing ProductsController#show (for 127.0.0.1 at 2009-05-06 09:03:24) [GET]
  Parameters: {"id"=>"1"}
  [4;36;1mProduct Load (1.0ms)[0m   [0;1mSELECT * FROM "products" WHERE ("products"."id" = 1) [0m
Rendering template within layouts/products
Rendering products/show

ActionView::TemplateError (You have a nil object when you didn't expect it!
The error occurred while evaluating nil.name) on line #3 of app/views/products/show.html.erb:
1: <p>
2:   <b>Category:</b>
3:   <%=h @product.category.name %>
4: </p>
5: <p>
6:   <b>Code:</b>

    app/views/products/show.html.erb:3
    app/controllers/products_controller.rb:18:in `show'
    -e:2:in `load'
    -e:2

Rendered rescues/_trace (192.0ms)
Rendered rescues/_request_and_response (1.0ms)
Rendering rescues/layout (internal_server_error)


Processing ProductsController#index (for 127.0.0.1 at 2009-05-06 09:21:46) [GET]
  [4;35;1mProduct Load (2.0ms)[0m   [0mSELECT * FROM "products" [0m
Rendering template within layouts/products
Rendering products/index
Completed in 53ms (View: 24, DB: 2) | 200 OK [http://127.0.0.1/products/]


Processing ProductsController#new (for 127.0.0.1 at 2009-05-06 09:21:49) [GET]
  [4;36;1mCategory Load (1.0ms)[0m   [0;1mSELECT * FROM "categories" [0m
Rendering template within layouts/products
Rendering products/new

ActionView::TemplateError (undefined local variable or method `categories' for #<ActionView::Base:0x724c780>) on line #8 of app/views/products/new.html.erb:
5: 
6:   <p>
7:     <%= f.label :Category_id %><br />
8:     <%= f.select :Category_id , categories.collect { |c|
9: 		[c.name , c.id]}%>
10:   </p>
11:   <p>

    app/views/products/new.html.erb:8
    app/views/products/new.html.erb:3
    app/controllers/products_controller.rb:29:in `new'
    -e:2:in `load'
    -e:2

Rendered rescues/_trace (211.0ms)
Rendered rescues/_request_and_response (0.0ms)
Rendering rescues/layout (internal_server_error)


Processing ProductsController#new (for 127.0.0.1 at 2009-05-06 09:24:02) [GET]
Rendering template within layouts/products
Rendering products/new
  [4;35;1mCategory Load (44.0ms)[0m   [0mSELECT * FROM "categories" ORDER BY name[0m

ActionView::TemplateError (undefined method `name' for #<Category:0x73f8124>) on line #9 of app/views/products/new.html.erb:
6:   <p>
7:     <%= f.label :Category_id %><br />
8:     <%= f.select :Category_id , Category.find(:all , :order => "name").collect { |c|
9: 		[c.name , c.id]}%>
10:   </p>
11:   <p>
12:     <%= f.label :Code %><br />

    app/views/products/new.html.erb:9
    app/views/products/new.html.erb:8:in `collect'
    app/views/products/new.html.erb:8
    app/views/products/new.html.erb:3
    app/controllers/products_controller.rb:28:in `new'
    -e:2:in `load'
    -e:2

Rendered rescues/_trace (201.0ms)
Rendered rescues/_request_and_response (0.0ms)
Rendering rescues/layout (internal_server_error)


Processing ProductsController#index (for 127.0.0.1 at 2009-05-06 09:25:35) [GET]
  [4;36;1mProduct Load (2.0ms)[0m   [0;1mSELECT * FROM "products" [0m
Rendering template within layouts/products
Rendering products/index
Completed in 46ms (View: 18, DB: 2) | 200 OK [http://127.0.0.1/products/]


Processing ProductsController#new (for 127.0.0.1 at 2009-05-06 09:25:38) [GET]
Rendering template within layouts/products
Rendering products/new
  [4;35;1mCategory Load (1.0ms)[0m   [0mSELECT * FROM "categories" ORDER BY name[0m

ActionView::TemplateError (undefined method `name' for #<Category:0x7235b20>) on line #9 of app/views/products/new.html.erb:
6:   <p>
7:     <%= f.label :Category_id %><br />
8:     <%= f.select :Category_id , Category.find(:all , :order => "name").collect { |c|
9: 		[c.name , c.id]}%>
10:   </p>
11:   <p>
12:     <%= f.label :Code %><br />

    app/views/products/new.html.erb:9
    app/views/products/new.html.erb:8:in `collect'
    app/views/products/new.html.erb:8
    app/views/products/new.html.erb:3
    app/controllers/products_controller.rb:28:in `new'
    -e:2:in `load'
    -e:2

Rendered rescues/_trace (201.0ms)
Rendered rescues/_request_and_response (1.0ms)
Rendering rescues/layout (internal_server_error)


Processing CategoriesController#index (for 127.0.0.1 at 2009-05-06 09:26:13) [GET]
  [4;36;1mCategory Load (2.0ms)[0m   [0;1mSELECT * FROM "categories" [0m
Rendering template within layouts/categories
Rendering categories/index
Completed in 145ms (View: 119, DB: 2) | 200 OK [http://127.0.0.1/categories]


Processing CategoriesController#new (for 127.0.0.1 at 2009-05-06 09:26:15) [GET]
Rendering template within layouts/categories
Rendering categories/new
Completed in 93ms (View: 70, DB: 0) | 200 OK [http://127.0.0.1/categories/new]


Processing CategoriesController#index (for 127.0.0.1 at 2009-05-06 09:26:46) [GET]
  [4;35;1mCategory Load (2.0ms)[0m   [0mSELECT * FROM "categories" [0m
Rendering template within layouts/categories
Rendering categories/index
Completed in 61ms (View: 18, DB: 2) | 200 OK [http://127.0.0.1/categories]


Processing ProductsController#index (for 127.0.0.1 at 2009-05-06 09:26:54) [GET]
  [4;36;1mProduct Load (0.0ms)[0m   [0;1mSELECT * FROM "products" [0m
Rendering template within layouts/products
Rendering products/index
Completed in 62ms (View: 31, DB: 0) | 200 OK [http://127.0.0.1/products/]


Processing ProductsController#new (for 127.0.0.1 at 2009-05-06 09:26:56) [GET]
Rendering template within layouts/products
Rendering products/new
  [4;35;1mCategory Load (2.0ms)[0m   [0mSELECT * FROM "categories" ORDER BY Name[0m
Completed in 123ms (View: 82, DB: 2) | 200 OK [http://127.0.0.1/products/new]


Processing ProductsController#index (for 127.0.0.1 at 2009-05-06 09:28:08) [GET]
  [4;36;1mProduct Load (0.0ms)[0m   [0;1mSELECT * FROM "products" [0m
Rendering template within layouts/products
Rendering products/index
Completed in 52ms (View: 18, DB: 0) | 200 OK [http://127.0.0.1/products]


Processing ProductsController#edit (for 127.0.0.1 at 2009-05-06 09:28:11) [GET]
  Parameters: {"id"=>"1"}
  [4;35;1mProduct Load (1.0ms)[0m   [0mSELECT * FROM "products" WHERE ("products"."id" = 1) [0m
Rendering template within layouts/products
Rendering products/edit
  [4;36;1mCategory Load (2.0ms)[0m   [0;1mSELECT * FROM "categories" ORDER BY Name[0m
Completed in 97ms (View: 63, DB: 3) | 200 OK [http://127.0.0.1/products/1/edit]


Processing ProductsController#index (for 127.0.0.1 at 2009-05-06 09:28:17) [GET]
  [4;35;1mProduct Load (2.0ms)[0m   [0mSELECT * FROM "products" [0m
Rendering template within layouts/products
Rendering products/index
Completed in 44ms (View: 18, DB: 2) | 200 OK [http://127.0.0.1/products]


Processing ProductsController#show (for 127.0.0.1 at 2009-05-06 09:28:36) [GET]
  Parameters: {"id"=>"1"}
  [4;36;1mProduct Load (1.0ms)[0m   [0;1mSELECT * FROM "products" WHERE ("products"."id" = 1) [0m
Rendering template within layouts/products
Rendering products/show

ActionView::TemplateError (You have a nil object when you didn't expect it!
The error occurred while evaluating nil.name) on line #3 of app/views/products/show.html.erb:
1: <p>
2:   <b>Category:</b>
3:   <%=h @product.category.name %>
4: </p>
5: <p>
6:   <b>Code:</b>

    app/views/products/show.html.erb:3
    app/controllers/products_controller.rb:18:in `show'
    -e:2:in `load'
    -e:2

Rendered rescues/_trace (191.0ms)
Rendered rescues/_request_and_response (1.0ms)
Rendering rescues/layout (internal_server_error)


Processing ProductsController#show (for 127.0.0.1 at 2009-05-06 09:29:16) [GET]
  Parameters: {"id"=>"1"}
  [4;35;1mProduct Load (2.0ms)[0m   [0mSELECT * FROM "products" WHERE ("products"."id" = 1) [0m
Rendering template within layouts/products
Rendering products/show

ActionView::TemplateError (You have a nil object when you didn't expect it!
The error occurred while evaluating nil.Name) on line #3 of app/views/products/show.html.erb:
1: <p>
2:   <b>Category:</b>
3:   <%=h @product.category.Name %>
4: </p>
5: <p>
6:   <b>Code:</b>

    app/views/products/show.html.erb:3
    app/controllers/products_controller.rb:18:in `show'
    -e:2:in `load'
    -e:2

Rendered rescues/_trace (221.0ms)
Rendered rescues/_request_and_response (1.0ms)
Rendering rescues/layout (internal_server_error)


Processing ProductsController#show (for 127.0.0.1 at 2009-05-06 09:30:04) [GET]
  Parameters: {"id"=>"1"}
  [4;36;1mProduct Load (0.0ms)[0m   [0;1mSELECT * FROM "products" WHERE ("products"."id" = 1) [0m
Rendering template within layouts/products
Rendering products/show

ActionView::TemplateError (undefined method `Category' for #<Product:0x72c4938>) on line #3 of app/views/products/show.html.erb:
1: <p>
2:   <b>Category:</b>
3:   <%=h @product.Category.Name %>
4: </p>
5: <p>
6:   <b>Code:</b>

    app/views/products/show.html.erb:3
    app/controllers/products_controller.rb:18:in `show'
    -e:2:in `load'
    -e:2

Rendered rescues/_trace (187.0ms)
Rendered rescues/_request_and_response (0.0ms)
Rendering rescues/layout (internal_server_error)


Processing ProductsController#index (for 127.0.0.1 at 2009-05-06 19:36:22) [GET]
  [4;36;1mProduct Load (2.0ms)[0m   [0;1mSELECT * FROM "products" [0m
Rendering template within layouts/products
Rendering products/index
Completed in 340ms (View: 79, DB: 2) | 200 OK [http://127.0.0.1/products/]


Processing ProductsController#new (for 127.0.0.1 at 2009-05-06 19:36:26) [GET]
Rendering template within layouts/products
Rendering products/new
Exception occurred during reader method compilation.
Maybe updated
_at is not a valid Ruby identifier?
compile error
c:/ruby/lib/ruby/gems/1.8/gems/activerecord-2.3.2/lib/active_record/attribute_methods.rb:218: syntax error, unexpected tIDENTIFIER, expecting ')'
_at, time)
   ^
c:/ruby/lib/ruby/gems/1.8/gems/activerecord-2.3.2/lib/active_record/attribute_methods.rb:218: syntax error, unexpected ')', expecting '='
  [4;35;1mCategory Load (1.0ms)[0m   [0mSELECT * FROM "categories" ORDER BY Name[0m
Completed in 234ms (View: 206, DB: 1) | 200 OK [http://127.0.0.1/products/new]


Processing ProductsController#create (for 127.0.0.1 at 2009-05-06 19:36:39) [POST]
  Parameters: {"commit"=>"Create", "authenticity_token"=>"WEh/O/sut7YOYpT1kDtF3q01Iaz1OEqYJ4SensZUmRY=", "product"=>{"Name"=>"32342", "ImageURL"=>"erwer", "Code"=>"1212", "category_id"=>"2", "KeyWords"=>"df", "Description"=>"fsf"}}
Exception occurred during reader method compilation.
Maybe updated
_at is not a valid Ruby identifier?
compile error
c:/ruby/lib/ruby/gems/1.8/gems/activerecord-2.3.2/lib/active_record/attribute_methods.rb:218: syntax error, unexpected tIDENTIFIER, expecting ')'
_at, time)
   ^
c:/ruby/lib/ruby/gems/1.8/gems/activerecord-2.3.2/lib/active_record/attribute_methods.rb:218: syntax error, unexpected ')', expecting '='
  [4;36;1mProduct Create (63.0ms)[0m   [0;1mINSERT INTO "products" ("Name", "Code", "ImageURL", "updated
_at", "category_id", "Description", "KeyWords", "created_at") VALUES('32342', '1212', 'erwer', NULL, 2, 'fsf', 'df', '2009-05-06 16:36:39')[0m
Redirected to http://127.0.0.1:3002/products/1
Completed in 323ms (DB: 63) | 302 Found [http://127.0.0.1/products]


Processing ProductsController#show (for 127.0.0.1 at 2009-05-06 19:36:40) [GET]
  Parameters: {"id"=>"1"}
  [4;35;1mProduct Load (0.0ms)[0m   [0mSELECT * FROM "products" WHERE ("products"."id" = 1) [0m
Rendering template within layouts/products
Rendering products/show
  [4;36;1mCategory Load (1.0ms)[0m   [0;1mSELECT * FROM "categories" WHERE ("categories"."id" = 2) [0m
Exception occurred during reader method compilation.
Maybe updated
_at is not a valid Ruby identifier?
compile error
c:/ruby/lib/ruby/gems/1.8/gems/activerecord-2.3.2/lib/active_record/attribute_methods.rb:218: syntax error, unexpected tIDENTIFIER, expecting ')'
_at, time)
   ^
c:/ruby/lib/ruby/gems/1.8/gems/activerecord-2.3.2/lib/active_record/attribute_methods.rb:218: syntax error, unexpected ')', expecting '='
Completed in 127ms (View: 88, DB: 1) | 200 OK [http://127.0.0.1/products/1]


Processing ProductsController#index (for 127.0.0.1 at 2009-05-06 19:36:49) [GET]
  [4;35;1mProduct Load (3.0ms)[0m   [0mSELECT * FROM "products" [0m
Rendering template within layouts/products
Rendering products/index
Exception occurred during reader method compilation.
Maybe updated
_at is not a valid Ruby identifier?
compile error
c:/ruby/lib/ruby/gems/1.8/gems/activerecord-2.3.2/lib/active_record/attribute_methods.rb:218: syntax error, unexpected tIDENTIFIER, expecting ')'
_at, time)
   ^
c:/ruby/lib/ruby/gems/1.8/gems/activerecord-2.3.2/lib/active_record/attribute_methods.rb:218: syntax error, unexpected ')', expecting '='
Completed in 48ms (View: 22, DB: 3) | 200 OK [http://127.0.0.1/products]


Processing ProductsController#show (for 127.0.0.1 at 2009-05-06 19:36:57) [GET]
  Parameters: {"id"=>"1"}
  [4;36;1mProduct Load (1.0ms)[0m   [0;1mSELECT * FROM "products" WHERE ("products"."id" = 1) [0m
Rendering template within layouts/products
Rendering products/show
  [4;35;1mCategory Load (1.0ms)[0m   [0mSELECT * FROM "categories" WHERE ("categories"."id" = 2) [0m
Exception occurred during reader method compilation.
Maybe updated
_at is not a valid Ruby identifier?
compile error
c:/ruby/lib/ruby/gems/1.8/gems/activerecord-2.3.2/lib/active_record/attribute_methods.rb:218: syntax error, unexpected tIDENTIFIER, expecting ')'
_at, time)
   ^
c:/ruby/lib/ruby/gems/1.8/gems/activerecord-2.3.2/lib/active_record/attribute_methods.rb:218: syntax error, unexpected ')', expecting '='
Completed in 78ms (View: 40, DB: 2) | 200 OK [http://127.0.0.1/products/1]


Processing ProductsController#index (for 127.0.0.1 at 2009-05-06 19:37:19) [GET]
  [4;36;1mProduct Load (0.0ms)[0m   [0;1mSELECT * FROM "products" [0m
Rendering template within layouts/products
Rendering products/index
Exception occurred during reader method compilation.
Maybe updated
_at is not a valid Ruby identifier?
compile error
c:/ruby/lib/ruby/gems/1.8/gems/activerecord-2.3.2/lib/active_record/attribute_methods.rb:218: syntax error, unexpected tIDENTIFIER, expecting ')'
_at, time)
   ^
c:/ruby/lib/ruby/gems/1.8/gems/activerecord-2.3.2/lib/active_record/attribute_methods.rb:218: syntax error, unexpected ')', expecting '='
  [4;35;1mCategory Load (0.0ms)[0m   [0mSELECT * FROM "categories" WHERE ("categories"."id" = 2) [0m
Completed in 223ms (View: 191, DB: 0) | 200 OK [http://127.0.0.1/products]


Processing ProductModelsController#index (for 127.0.0.1 at 2009-05-06 19:37:42) [GET]
  [4;36;1mProductModel Load (3.0ms)[0m   [0;1mSELECT * FROM "product_models" [0m
Rendering template within layouts/product_models
Rendering product_models/index
Completed in 137ms (View: 99, DB: 3) | 200 OK [http://127.0.0.1/product_models]


Processing ProductModelsController#new (for 127.0.0.1 at 2009-05-06 19:41:16) [GET]
Rendering template within layouts/product_models
Rendering product_models/new

ActionView::TemplateError (undefined method `Product_id' for #<ProductModel:0x53f488c>) on line #64 of app/views/product_models/new.html.erb:
61:   </p>
62:   <p>
63:     <%= f.label :Product_id %><br />
64:     <%= f.text_field :Product_id %>
65:   </p>
66:   <p>
67:     <%= f.submit 'Create' %>

    app/views/product_models/new.html.erb:64
    app/views/product_models/new.html.erb:3
    app/controllers/product_models_controller.rb:29:in `new'
    -e:2:in `load'
    -e:2

Rendered rescues/_trace (378.0ms)
Rendered rescues/_request_and_response (6.0ms)
Rendering rescues/layout (internal_server_error)


Processing ProductModelsController#new (for 127.0.0.1 at 2009-05-06 19:41:55) [GET]
Rendering template within layouts/product_models
Rendering product_models/new
Completed in 84ms (View: 52, DB: 0) | 200 OK [http://127.0.0.1/product_models/new]


Processing ProductModelsController#create (for 127.0.0.1 at 2009-05-06 19:42:25) [POST]
  Parameters: {"commit"=>"Create", "product_model"=>{"Features"=>"ljk", "Rate"=>"9", "Name"=>"tyiu", "Size"=>"9", "ImageURL"=>"jkhk", "IsSpecialOffer"=>"1", "Serial"=>"gyrtyyrt", "QuantityOnHand"=>"9", "product_id"=>"1", "Discount"=>"9", "RelatedDocumentURL"=>"9", "SalesPackageContent"=>"9", "Price"=>"789", "ReorderPoint"=>"9", "Description"=>"hjk"}, "authenticity_token"=>"WEh/O/sut7YOYpT1kDtF3q01Iaz1OEqYJ4SensZUmRY="}
  [4;35;1mProductModel Create (3.0ms)[0m   [0mINSERT INTO "product_models" ("Name", "Rate", "Features", "Size", "updated_at", "Serial", "IsSpecialOffer", "ImageURL", "QuantityOnHand", "product_id", "Discount", "Price", "SalesPackageContent", "RelatedDocumentURL", "Description", "ReorderPoint", "created_at") VALUES('tyiu', 9, 'ljk', '9', '2009-05-06 16:42:26', 0, 't', 'jkhk', 9, 1, 9.0, 789, '9', '9', 'hjk', 9, '2009-05-06 16:42:26')[0m
Redirected to http://127.0.0.1:3002/product_models/1
Completed in 68ms (DB: 3) | 302 Found [http://127.0.0.1/product_models]


Processing ProductModelsController#show (for 127.0.0.1 at 2009-05-06 19:42:26) [GET]
  Parameters: {"id"=>"1"}
  [4;36;1mProductModel Load (2.0ms)[0m   [0;1mSELECT * FROM "product_models" WHERE ("product_models"."id" = 1) [0m
Rendering template within layouts/product_models
Rendering product_models/show
  [4;35;1mProduct Load (1.0ms)[0m   [0mSELECT * FROM "products" WHERE ("products"."id" = 1) [0m
Exception occurred during reader method compilation.
Maybe updated
_at is not a valid Ruby identifier?
compile error
c:/ruby/lib/ruby/gems/1.8/gems/activerecord-2.3.2/lib/active_record/attribute_methods.rb:218: syntax error, unexpected tIDENTIFIER, expecting ')'
_at, time)
   ^
c:/ruby/lib/ruby/gems/1.8/gems/activerecord-2.3.2/lib/active_record/attribute_methods.rb:218: syntax error, unexpected ')', expecting '='
Completed in 104ms (View: 71, DB: 3) | 200 OK [http://127.0.0.1/product_models/1]


Processing ProductModelsController#index (for 127.0.0.1 at 2009-05-06 19:43:11) [GET]
  [4;36;1mProductModel Load (3.0ms)[0m   [0;1mSELECT * FROM "product_models" [0m
Rendering template within layouts/product_models
Rendering product_models/index
  [4;35;1mProduct Load (1.0ms)[0m   [0mSELECT * FROM "products" WHERE ("products"."id" = 1) [0m
Exception occurred during reader method compilation.
Maybe updated
_at is not a valid Ruby identifier?
compile error
c:/ruby/lib/ruby/gems/1.8/gems/activerecord-2.3.2/lib/active_record/attribute_methods.rb:218: syntax error, unexpected tIDENTIFIER, expecting ')'
_at, time)
   ^
c:/ruby/lib/ruby/gems/1.8/gems/activerecord-2.3.2/lib/active_record/attribute_methods.rb:218: syntax error, unexpected ')', expecting '='
Completed in 282ms (View: 248, DB: 4) | 200 OK [http://127.0.0.1/product_models]


Processing ProductModelsController#index (for 127.0.0.1 at 2009-05-06 19:43:39) [GET]
  [4;36;1mProductModel Load (16.0ms)[0m   [0;1mSELECT * FROM "product_models" [0m
Rendering template within layouts/product_models
Rendering product_models/index
  [4;35;1mProduct Load (0.0ms)[0m   [0mSELECT * FROM "products" WHERE ("products"."id" = 1) [0m
Exception occurred during reader method compilation.
Maybe updated
_at is not a valid Ruby identifier?
compile error
c:/ruby/lib/ruby/gems/1.8/gems/activerecord-2.3.2/lib/active_record/attribute_methods.rb:218: syntax error, unexpected tIDENTIFIER, expecting ')'
_at, time)
   ^
c:/ruby/lib/ruby/gems/1.8/gems/activerecord-2.3.2/lib/active_record/attribute_methods.rb:218: syntax error, unexpected ')', expecting '='
Completed in 109ms (View: 78, DB: 16) | 200 OK [http://127.0.0.1/product_models]


Processing ProductModelsController#edit (for 127.0.0.1 at 2009-05-06 19:45:15) [GET]
  Parameters: {"id"=>"1"}
  [4;36;1mProductModel Load (2.0ms)[0m   [0;1mSELECT * FROM "product_models" WHERE ("product_models"."id" = 1) [0m
Rendering template within layouts/product_models
Rendering product_models/edit
  [4;35;1mProduct Load (1.0ms)[0m   [0mSELECT * FROM "products" ORDER BY Name[0m
Exception occurred during reader method compilation.
Maybe updated
_at is not a valid Ruby identifier?
compile error
c:/ruby/lib/ruby/gems/1.8/gems/activerecord-2.3.2/lib/active_record/attribute_methods.rb:218: syntax error, unexpected tIDENTIFIER, expecting ')'
_at, time)
   ^
c:/ruby/lib/ruby/gems/1.8/gems/activerecord-2.3.2/lib/active_record/attribute_methods.rb:218: syntax error, unexpected ')', expecting '='

ActionView::TemplateError (undefined method `Product_id' for #<ProductModel:0x6f21268>) on line #69 of app/views/product_models/edit.html.erb:
66:   </p>
67:   <p>
68:     <%= f.label :Product_id %><br />
69:     <%= f.text_field :Product_id %>
70:   </p>
71:   <p>
72:     <%= f.submit 'Update' %>

    app/views/product_models/edit.html.erb:69
    app/views/product_models/edit.html.erb:3
    -e:2:in `load'
    -e:2

Rendered rescues/_trace (355.0ms)
Rendered rescues/_request_and_response (1.0ms)
Rendering rescues/layout (internal_server_error)


Processing ProductModelsController#edit (for 127.0.0.1 at 2009-05-06 19:46:54) [GET]
  Parameters: {"id"=>"1"}
  [4;36;1mProductModel Load (1.0ms)[0m   [0;1mSELECT * FROM "product_models" WHERE ("product_models"."id" = 1) [0m
Rendering template within layouts/product_models
Rendering product_models/edit
  [4;35;1mProduct Load (0.0ms)[0m   [0mSELECT * FROM "products" ORDER BY Name[0m
Exception occurred during reader method compilation.
Maybe updated
_at is not a valid Ruby identifier?
compile error
c:/ruby/lib/ruby/gems/1.8/gems/activerecord-2.3.2/lib/active_record/attribute_methods.rb:218: syntax error, unexpected tIDENTIFIER, expecting ')'
_at, time)
   ^
c:/ruby/lib/ruby/gems/1.8/gems/activerecord-2.3.2/lib/active_record/attribute_methods.rb:218: syntax error, unexpected ')', expecting '='
Completed in 125ms (View: 95, DB: 1) | 200 OK [http://127.0.0.1/product_models/1/edit]


Processing ProductModelsController#index (for 127.0.0.1 at 2009-05-06 19:48:12) [GET]
  [4;36;1mProductModel Load (3.0ms)[0m   [0;1mSELECT * FROM "product_models" [0m
Rendering template within layouts/product_models
Rendering product_models/index
  [4;35;1mProduct Load (4.0ms)[0m   [0mSELECT * FROM "products" WHERE ("products"."id" = 1) [0m
Exception occurred during reader method compilation.
Maybe updated
_at is not a valid Ruby identifier?
compile error
c:/ruby/lib/ruby/gems/1.8/gems/activerecord-2.3.2/lib/active_record/attribute_methods.rb:218: syntax error, unexpected tIDENTIFIER, expecting ')'
_at, time)
   ^
c:/ruby/lib/ruby/gems/1.8/gems/activerecord-2.3.2/lib/active_record/attribute_methods.rb:218: syntax error, unexpected ')', expecting '='
Completed in 107ms (View: 74, DB: 7) | 200 OK [http://127.0.0.1/product_models]


Processing ProductModelsController#new (for 127.0.0.1 at 2009-05-06 19:48:14) [GET]
Rendering template within layouts/product_models
Rendering product_models/new
  [4;36;1mProduct Load (1.0ms)[0m   [0;1mSELECT * FROM "products" ORDER BY Name[0m
Exception occurred during reader method compilation.
Maybe updated
_at is not a valid Ruby identifier?
compile error
c:/ruby/lib/ruby/gems/1.8/gems/activerecord-2.3.2/lib/active_record/attribute_methods.rb:218: syntax error, unexpected tIDENTIFIER, expecting ')'
_at, time)
   ^
c:/ruby/lib/ruby/gems/1.8/gems/activerecord-2.3.2/lib/active_record/attribute_methods.rb:218: syntax error, unexpected ')', expecting '='
Completed in 135ms (View: 98, DB: 1) | 200 OK [http://127.0.0.1/product_models/new]


Processing ProductModelsController#create (for 127.0.0.1 at 2009-05-06 19:48:21) [POST]
  Parameters: {"commit"=>"Create", "product_model"=>{"Features"=>"", "Rate"=>"", "Name"=>"", "Size"=>"", "ImageURL"=>"", "IsSpecialOffer"=>"0", "Serial"=>"", "QuantityOnHand"=>"", "product_id"=>"1", "Discount"=>"", "RelatedDocumentURL"=>"", "SalesPackageContent"=>"", "Price"=>"", "ReorderPoint"=>"", "Description"=>""}, "authenticity_token"=>"WEh/O/sut7YOYpT1kDtF3q01Iaz1OEqYJ4SensZUmRY="}
  [4;35;1mProductModel Create (3.0ms)[0m   [0mINSERT INTO "product_models" ("Name", "Rate", "Features", "Size", "updated_at", "Serial", "IsSpecialOffer", "ImageURL", "QuantityOnHand", "product_id", "Discount", "Price", "SalesPackageContent", "RelatedDocumentURL", "Description", "ReorderPoint", "created_at") VALUES('', NULL, '', '', '2009-05-06 16:48:21', NULL, 'f', '', NULL, 1, NULL, NULL, '', '', '', NULL, '2009-05-06 16:48:21')[0m
Redirected to http://127.0.0.1:3002/product_models/2
Completed in 60ms (DB: 3) | 302 Found [http://127.0.0.1/product_models]


Processing ProductModelsController#show (for 127.0.0.1 at 2009-05-06 19:48:22) [GET]
  Parameters: {"id"=>"2"}
  [4;36;1mProductModel Load (1.0ms)[0m   [0;1mSELECT * FROM "product_models" WHERE ("product_models"."id" = 2) [0m
Rendering template within layouts/product_models
Rendering product_models/show
  [4;35;1mProduct Load (1.0ms)[0m   [0mSELECT * FROM "products" WHERE ("products"."id" = 1) [0m
Exception occurred during reader method compilation.
Maybe updated
_at is not a valid Ruby identifier?
compile error
c:/ruby/lib/ruby/gems/1.8/gems/activerecord-2.3.2/lib/active_record/attribute_methods.rb:218: syntax error, unexpected tIDENTIFIER, expecting ')'
_at, time)
   ^
c:/ruby/lib/ruby/gems/1.8/gems/activerecord-2.3.2/lib/active_record/attribute_methods.rb:218: syntax error, unexpected ')', expecting '='
Completed in 239ms (View: 55, DB: 2) | 200 OK [http://127.0.0.1/product_models/2]


Processing ProductModelsController#index (for 127.0.0.1 at 2009-05-06 20:24:09) [GET]
  [4;36;1mProductModel Load (3.0ms)[0m   [0;1mSELECT * FROM "product_models" [0m
Rendering template within layouts/product_models
Rendering product_models/index
  [4;35;1mProduct Load (3.0ms)[0m   [0mSELECT * FROM "products" WHERE ("products"."id" = 1) [0m
Exception occurred during reader method compilation.
Maybe updated
_at is not a valid Ruby identifier?
compile error
c:/ruby/lib/ruby/gems/1.8/gems/activerecord-2.3.2/lib/active_record/attribute_methods.rb:218: syntax error, unexpected tIDENTIFIER, expecting ')'
_at, time)
   ^
c:/ruby/lib/ruby/gems/1.8/gems/activerecord-2.3.2/lib/active_record/attribute_methods.rb:218: syntax error, unexpected ')', expecting '='
  [4;36;1mCACHE (0.0ms)[0m   [0;1mSELECT * FROM "products" WHERE ("products"."id" = 1) [0m
Completed in 103ms (View: 71, DB: 6) | 200 OK [http://127.0.0.1/product_models]


Processing ProductModelsController#show (for 127.0.0.1 at 2009-05-06 20:24:33) [GET]
  Parameters: {"id"=>"1"}
  [4;35;1mProductModel Load (1.0ms)[0m   [0mSELECT * FROM "product_models" WHERE ("product_models"."id" = 1) [0m
Rendering template within layouts/product_models
Rendering product_models/show
  [4;36;1mProduct Load (1.0ms)[0m   [0;1mSELECT * FROM "products" WHERE ("products"."id" = 1) [0m
Exception occurred during reader method compilation.
Maybe updated
_at is not a valid Ruby identifier?
compile error
c:/ruby/lib/ruby/gems/1.8/gems/activerecord-2.3.2/lib/active_record/attribute_methods.rb:218: syntax error, unexpected tIDENTIFIER, expecting ')'
_at, time)
   ^
c:/ruby/lib/ruby/gems/1.8/gems/activerecord-2.3.2/lib/active_record/attribute_methods.rb:218: syntax error, unexpected ')', expecting '='
Completed in 79ms (View: 47, DB: 2) | 200 OK [http://127.0.0.1/product_models/1]


Processing ProductModelsController#edit (for 127.0.0.1 at 2009-05-06 20:24:36) [GET]
  Parameters: {"id"=>"1"}
  [4;35;1mProductModel Load (1.0ms)[0m   [0mSELECT * FROM "product_models" WHERE ("product_models"."id" = 1) [0m
Rendering template within layouts/product_models
Rendering product_models/edit
  [4;36;1mProduct Load (1.0ms)[0m   [0;1mSELECT * FROM "products" ORDER BY Name[0m
Exception occurred during reader method compilation.
Maybe updated
_at is not a valid Ruby identifier?
compile error
c:/ruby/lib/ruby/gems/1.8/gems/activerecord-2.3.2/lib/active_record/attribute_methods.rb:218: syntax error, unexpected tIDENTIFIER, expecting ')'
_at, time)
   ^
c:/ruby/lib/ruby/gems/1.8/gems/activerecord-2.3.2/lib/active_record/attribute_methods.rb:218: syntax error, unexpected ')', expecting '='
Completed in 102ms (View: 70, DB: 2) | 200 OK [http://127.0.0.1/product_models/1/edit]


Processing ProductModelsController#index (for 127.0.0.1 at 2009-05-06 20:24:44) [GET]
  [4;35;1mProductModel Load (3.0ms)[0m   [0mSELECT * FROM "product_models" [0m
Rendering template within layouts/product_models
Rendering product_models/index
  [4;36;1mProduct Load (1.0ms)[0m   [0;1mSELECT * FROM "products" WHERE ("products"."id" = 1) [0m
Exception occurred during reader method compilation.
Maybe updated
_at is not a valid Ruby identifier?
compile error
c:/ruby/lib/ruby/gems/1.8/gems/activerecord-2.3.2/lib/active_record/attribute_methods.rb:218: syntax error, unexpected tIDENTIFIER, expecting ')'
_at, time)
   ^
c:/ruby/lib/ruby/gems/1.8/gems/activerecord-2.3.2/lib/active_record/attribute_methods.rb:218: syntax error, unexpected ')', expecting '='
  [4;35;1mCACHE (0.0ms)[0m   [0mSELECT * FROM "products" WHERE ("products"."id" = 1) [0m
Completed in 90ms (View: 59, DB: 4) | 200 OK [http://127.0.0.1/product_models]


Processing ProductModelsController#new (for 127.0.0.1 at 2009-05-06 20:24:50) [GET]
Rendering template within layouts/product_models
Rendering product_models/new
  [4;36;1mProduct Load (1.0ms)[0m   [0;1mSELECT * FROM "products" ORDER BY Name[0m
Exception occurred during reader method compilation.
Maybe updated
_at is not a valid Ruby identifier?
compile error
c:/ruby/lib/ruby/gems/1.8/gems/activerecord-2.3.2/lib/active_record/attribute_methods.rb:218: syntax error, unexpected tIDENTIFIER, expecting ')'
_at, time)
   ^
c:/ruby/lib/ruby/gems/1.8/gems/activerecord-2.3.2/lib/active_record/attribute_methods.rb:218: syntax error, unexpected ')', expecting '='
Completed in 98ms (View: 68, DB: 1) | 200 OK [http://127.0.0.1/product_models/new]


Processing ProductModelsController#new (for 127.0.0.1 at 2009-05-06 20:26:02) [GET]
Rendering template within layouts/product_models
Rendering product_models/new
  [4;35;1mProduct Load (16.0ms)[0m   [0mSELECT * FROM "products" ORDER BY Name[0m
Exception occurred during reader method compilation.
Maybe updated
_at is not a valid Ruby identifier?
compile error
c:/ruby/lib/ruby/gems/1.8/gems/activerecord-2.3.2/lib/active_record/attribute_methods.rb:218: syntax error, unexpected tIDENTIFIER, expecting ')'
_at, time)
   ^
c:/ruby/lib/ruby/gems/1.8/gems/activerecord-2.3.2/lib/active_record/attribute_methods.rb:218: syntax error, unexpected ')', expecting '='
Completed in 265ms (View: 218, DB: 16) | 200 OK [http://127.0.0.1/product_models/new]


Processing ProductModelsController#index (for 127.0.0.1 at 2009-05-06 20:26:09) [GET]
  [4;36;1mProductModel Load (3.0ms)[0m   [0;1mSELECT * FROM "product_models" [0m
Rendering template within layouts/product_models
Rendering product_models/index
  [4;35;1mProduct Load (1.0ms)[0m   [0mSELECT * FROM "products" WHERE ("products"."id" = 1) [0m
Exception occurred during reader method compilation.
Maybe updated
_at is not a valid Ruby identifier?
compile error
c:/ruby/lib/ruby/gems/1.8/gems/activerecord-2.3.2/lib/active_record/attribute_methods.rb:218: syntax error, unexpected tIDENTIFIER, expecting ')'
_at, time)
   ^
c:/ruby/lib/ruby/gems/1.8/gems/activerecord-2.3.2/lib/active_record/attribute_methods.rb:218: syntax error, unexpected ')', expecting '='
  [4;36;1mCACHE (0.0ms)[0m   [0;1mSELECT * FROM "products" WHERE ("products"."id" = 1) [0m
Completed in 92ms (View: 63, DB: 4) | 200 OK [http://127.0.0.1/product_models]


Processing ProductModelsController#show (for 127.0.0.1 at 2009-05-06 20:26:13) [GET]
  Parameters: {"id"=>"1"}
  [4;35;1mProductModel Load (1.0ms)[0m   [0mSELECT * FROM "product_models" WHERE ("product_models"."id" = 1) [0m
Rendering template within layouts/product_models
Rendering product_models/show
  [4;36;1mProduct Load (2.0ms)[0m   [0;1mSELECT * FROM "products" WHERE ("products"."id" = 1) [0m
Exception occurred during reader method compilation.
Maybe updated
_at is not a valid Ruby identifier?
compile error
c:/ruby/lib/ruby/gems/1.8/gems/activerecord-2.3.2/lib/active_record/attribute_methods.rb:218: syntax error, unexpected tIDENTIFIER, expecting ')'
_at, time)
   ^
c:/ruby/lib/ruby/gems/1.8/gems/activerecord-2.3.2/lib/active_record/attribute_methods.rb:218: syntax error, unexpected ')', expecting '='
Completed in 82ms (View: 48, DB: 3) | 200 OK [http://127.0.0.1/product_models/1]


Processing ProductModelsController#index (for 127.0.0.1 at 2009-05-06 20:26:16) [GET]
  [4;35;1mProductModel Load (3.0ms)[0m   [0mSELECT * FROM "product_models" [0m
Rendering template within layouts/product_models
Rendering product_models/index
  [4;36;1mProduct Load (1.0ms)[0m   [0;1mSELECT * FROM "products" WHERE ("products"."id" = 1) [0m
Exception occurred during reader method compilation.
Maybe updated
_at is not a valid Ruby identifier?
compile error
c:/ruby/lib/ruby/gems/1.8/gems/activerecord-2.3.2/lib/active_record/attribute_methods.rb:218: syntax error, unexpected tIDENTIFIER, expecting ')'
_at, time)
   ^
c:/ruby/lib/ruby/gems/1.8/gems/activerecord-2.3.2/lib/active_record/attribute_methods.rb:218: syntax error, unexpected ')', expecting '='
  [4;35;1mCACHE (0.0ms)[0m   [0mSELECT * FROM "products" WHERE ("products"."id" = 1) [0m
Completed in 89ms (View: 63, DB: 4) | 200 OK [http://127.0.0.1/product_models]


Processing ProductModelsController#edit (for 127.0.0.1 at 2009-05-06 20:26:20) [GET]
  Parameters: {"id"=>"1"}
  [4;36;1mProductModel Load (2.0ms)[0m   [0;1mSELECT * FROM "product_models" WHERE ("product_models"."id" = 1) [0m
Rendering template within layouts/product_models
Rendering product_models/edit
  [4;35;1mProduct Load (1.0ms)[0m   [0mSELECT * FROM "products" ORDER BY Name[0m
Exception occurred during reader method compilation.
Maybe updated
_at is not a valid Ruby identifier?
compile error
c:/ruby/lib/ruby/gems/1.8/gems/activerecord-2.3.2/lib/active_record/attribute_methods.rb:218: syntax error, unexpected tIDENTIFIER, expecting ')'
_at, time)
   ^
c:/ruby/lib/ruby/gems/1.8/gems/activerecord-2.3.2/lib/active_record/attribute_methods.rb:218: syntax error, unexpected ')', expecting '='
Completed in 136ms (View: 105, DB: 3) | 200 OK [http://127.0.0.1/product_models/1/edit]


Processing ProductModelsController#index (for 127.0.0.1 at 2009-05-06 20:26:29) [GET]
  [4;36;1mProductModel Load (3.0ms)[0m   [0;1mSELECT * FROM "product_models" [0m
Rendering template within layouts/product_models
Rendering product_models/index
  [4;35;1mProduct Load (1.0ms)[0m   [0mSELECT * FROM "products" WHERE ("products"."id" = 1) [0m
Exception occurred during reader method compilation.
Maybe updated
_at is not a valid Ruby identifier?
compile error
c:/ruby/lib/ruby/gems/1.8/gems/activerecord-2.3.2/lib/active_record/attribute_methods.rb:218: syntax error, unexpected tIDENTIFIER, expecting ')'
_at, time)
   ^
c:/ruby/lib/ruby/gems/1.8/gems/activerecord-2.3.2/lib/active_record/attribute_methods.rb:218: syntax error, unexpected ')', expecting '='
  [4;36;1mCACHE (0.0ms)[0m   [0;1mSELECT * FROM "products" WHERE ("products"."id" = 1) [0m
Completed in 93ms (View: 67, DB: 4) | 200 OK [http://127.0.0.1/product_models]


Processing ProductsController#index (for 127.0.0.1 at 2009-05-15 14:18:27) [GET]
  [4;36;1mProduct Load (16.0ms)[0m   [0;1mSELECT * FROM "products" [0m
Rendering template within layouts/products
Rendering products/index
Exception occurred during reader method compilation.
Maybe updated
_at is not a valid Ruby identifier?
compile error
c:/ruby/lib/ruby/gems/1.8/gems/activerecord-2.3.2/lib/active_record/attribute_methods.rb:218: syntax error, unexpected tIDENTIFIER, expecting ')'
_at, time)
   ^
c:/ruby/lib/ruby/gems/1.8/gems/activerecord-2.3.2/lib/active_record/attribute_methods.rb:218: syntax error, unexpected ')', expecting '='
  [4;35;1mCategory Load (0.0ms)[0m   [0mSELECT * FROM "categories" WHERE ("categories"."id" = 2) [0m
Completed in 3042ms (View: 2886, DB: 16) | 200 OK [http://localhost/products]


Processing ProductsController#new (for 127.0.0.1 at 2009-05-15 14:18:41) [GET]
Rendering template within layouts/products
Rendering products/new
Exception occurred during reader method compilation.
Maybe updated
_at is not a valid Ruby identifier?
compile error
c:/ruby/lib/ruby/gems/1.8/gems/activerecord-2.3.2/lib/active_record/attribute_methods.rb:218: syntax error, unexpected tIDENTIFIER, expecting ')'
_at, time)
   ^
c:/ruby/lib/ruby/gems/1.8/gems/activerecord-2.3.2/lib/active_record/attribute_methods.rb:218: syntax error, unexpected ')', expecting '='
  [4;36;1mCategory Load (0.0ms)[0m   [0;1mSELECT * FROM "categories" ORDER BY Name[0m
Completed in 48ms (View: 32, DB: 0) | 200 OK [http://localhost/products/new]


Processing ProductsController#index (for 127.0.0.1 at 2009-05-15 14:29:20) [GET]
  [4;35;1mProduct Load (0.0ms)[0m   [0mSELECT * FROM "products" [0m
Rendering template within layouts/products
Rendering products/index
Exception occurred during reader method compilation.
Maybe updated
_at is not a valid Ruby identifier?
compile error
c:/ruby/lib/ruby/gems/1.8/gems/activerecord-2.3.2/lib/active_record/attribute_methods.rb:218: syntax error, unexpected tIDENTIFIER, expecting ')'
_at, time)
   ^
c:/ruby/lib/ruby/gems/1.8/gems/activerecord-2.3.2/lib/active_record/attribute_methods.rb:218: syntax error, unexpected ')', expecting '='
  [4;36;1mCategory Load (0.0ms)[0m   [0;1mSELECT * FROM "categories" WHERE ("categories"."id" = 2) [0m
Completed in 47ms (View: 32, DB: 0) | 200 OK [http://localhost/products]
  [4;36;1mSQL (1.0ms)[0m   [0;1m SELECT name
 FROM sqlite_master
 WHERE type = 'table' AND NOT name = 'sqlite_sequence'
[0m
  [4;35;1mSQL (0.0ms)[0m   [0mSELECT version FROM schema_migrations[0m
Migrating to CreateCategories (20090428201410)
Migrating to CreateProducts (20090428201649)
Migrating to CreateProductModels (20090428202057)
Migrating to CreateKeywords (20090515120151)
  [4;36;1mSQL (0.0ms)[0m   [0;1mselect sqlite_version(*)[0m
  [4;36;1mSQL (0.0ms)[0m   [0;1m SELECT name
 FROM sqlite_master
 WHERE type = 'table' AND NOT name = 'sqlite_sequence'
[0m
  [4;35;1mSQL (1.0ms)[0m   [0mSELECT version FROM schema_migrations[0m
Migrating to CreateCategories (20090428201410)
Migrating to CreateProducts (20090428201649)
Migrating to CreateProductModels (20090428202057)
Migrating to CreateKeywords (20090515120410)
  [4;36;1mSQL (1.0ms)[0m   [0;1mselect sqlite_version(*)[0m
  [4;35;1mSQL (2.0ms)[0m   [0mCREATE TABLE "keywords" ("id" INTEGER PRIMARY KEY AUTOINCREMENT NOT NULL, "Word" varchar(255), "product_id" integer, "created_at" datetime, "updated_at" datetime) [0m
  [4;36;1mSQL (0.0ms)[0m   [0;1mINSERT INTO schema_migrations (version) VALUES ('20090515120410')[0m
  [4;35;1mSQL (1.0ms)[0m   [0m SELECT name
 FROM sqlite_master
 WHERE type = 'table' AND NOT name = 'sqlite_sequence'
[0m
  [4;36;1mSQL (0.0ms)[0m   [0;1mSELECT version FROM schema_migrations[0m
  [4;35;1mSQL (0.0ms)[0m   [0m SELECT name
 FROM sqlite_master
 WHERE type = 'table' AND NOT name = 'sqlite_sequence'
[0m
  [4;36;1mSQL (0.0ms)[0m   [0;1mPRAGMA index_list("categories")[0m
  [4;35;1mSQL (1.0ms)[0m   [0mPRAGMA index_list("keywords")[0m
  [4;36;1mSQL (0.0ms)[0m   [0;1mPRAGMA index_list("product_models")[0m
  [4;35;1mSQL (0.0ms)[0m   [0mPRAGMA index_list("products")[0m


Processing KeywordsController#index (for 127.0.0.1 at 2009-05-15 15:05:01) [GET]
  [4;35;1mKeyword Load (1.0ms)[0m   [0mSELECT * FROM "keywords" [0m
Rendering template within layouts/keywords
Rendering keywords/index
Completed in 36ms (View: 24, DB: 1) | 200 OK [http://localhost/keywords]


Processing KeywordsController#new (for 127.0.0.1 at 2009-05-15 15:05:03) [GET]
Rendering template within layouts/keywords
Rendering keywords/new
Completed in 21ms (View: 10, DB: 0) | 200 OK [http://localhost/keywords/new]
  [4;36;1mSQL (0.0ms)[0m   [0;1m SELECT name
 FROM sqlite_master
 WHERE type = 'table' AND NOT name = 'sqlite_sequence'
[0m
  [4;35;1mSQL (1.0ms)[0m   [0mSELECT version FROM schema_migrations[0m
Migrating to CreateCategories (20090428201410)
Migrating to CreateProducts (20090428201649)
Migrating to CreateProductModels (20090428202057)
Migrating to CreateKeywords (20090515120410)
Migrating to AddProductModelIdToKeywords (20090515121225)
  [4;36;1mSQL (0.0ms)[0m   [0;1mselect sqlite_version(*)[0m
  [4;35;1mSQL (2.0ms)[0m   [0mALTER TABLE "keywords" ADD "product_model_id" integer[0m
  [4;36;1mSQL (0.0ms)[0m   [0;1mINSERT INTO schema_migrations (version) VALUES ('20090515121225')[0m
  [4;35;1mSQL (0.0ms)[0m   [0m SELECT name
 FROM sqlite_master
 WHERE type = 'table' AND NOT name = 'sqlite_sequence'
[0m
  [4;36;1mSQL (0.0ms)[0m   [0;1mSELECT version FROM schema_migrations[0m
  [4;35;1mSQL (2.0ms)[0m   [0m SELECT name
 FROM sqlite_master
 WHERE type = 'table' AND NOT name = 'sqlite_sequence'
[0m
  [4;36;1mSQL (0.0ms)[0m   [0;1mPRAGMA index_list("categories")[0m
  [4;35;1mSQL (0.0ms)[0m   [0mPRAGMA index_list("keywords")[0m
  [4;36;1mSQL (0.0ms)[0m   [0;1mPRAGMA index_list("product_models")[0m
  [4;35;1mSQL (0.0ms)[0m   [0mPRAGMA index_list("products")[0m


Processing KeywordsController#new (for 127.0.0.1 at 2009-05-15 15:15:27) [GET]
Rendering template within layouts/keywords
Rendering keywords/new
Completed in 20ms (View: 6, DB: 0) | 200 OK [http://localhost/keywords/new]


Processing KeywordsController#create (for 127.0.0.1 at 2009-05-15 15:15:33) [POST]
  Parameters: {"commit"=>"Create", "authenticity_token"=>"fZdmyAMvuIuGbh/WpP08EBwTQ/5Fqh3XoSi2IMHrhOg=", "keyword"=>{"product_id"=>"1", "Word"=>"dd"}}
  [4;36;1mKeyword Create (2.0ms)[0m   [0;1mINSERT INTO "keywords" ("updated_at", "product_model_id", "product_id", "Word", "created_at") VALUES('2009-05-15 12:15:34', NULL, 1, 'dd', '2009-05-15 12:15:34')[0m
Redirected to http://localhost:3002/keywords/1
Completed in 23ms (DB: 2) | 302 Found [http://localhost/keywords]


Processing KeywordsController#show (for 127.0.0.1 at 2009-05-15 15:15:34) [GET]
  Parameters: {"id"=>"1"}
  [4;35;1mKeyword Load (0.0ms)[0m   [0mSELECT * FROM "keywords" WHERE ("keywords"."id" = 1) [0m
Rendering template within layouts/keywords
Rendering keywords/show
Completed in 27ms (View: 10, DB: 0) | 200 OK [http://localhost/keywords/1]


Processing KeywordsController#index (for 127.0.0.1 at 2009-05-15 15:15:36) [GET]
  [4;36;1mKeyword Load (1.0ms)[0m   [0;1mSELECT * FROM "keywords" [0m
Rendering template within layouts/keywords
Rendering keywords/index
Completed in 22ms (View: 7, DB: 1) | 200 OK [http://localhost/keywords]


Processing KeywordsController#edit (for 127.0.0.1 at 2009-05-15 15:16:29) [GET]
  Parameters: {"id"=>"1"}
  [4;35;1mKeyword Load (0.0ms)[0m   [0mSELECT * FROM "keywords" WHERE ("keywords"."id" = 1) [0m
Rendering template within layouts/keywords
Rendering keywords/edit
Completed in 25ms (View: 13, DB: 0) | 200 OK [http://localhost/keywords/1/edit]


Processing KeywordsController#edit (for 127.0.0.1 at 2009-05-15 15:18:09) [GET]
  Parameters: {"id"=>"1"}
  [4;36;1mKeyword Load (0.0ms)[0m   [0;1mSELECT * FROM "keywords" WHERE ("keywords"."id" = 1) [0m
Rendering template within layouts/keywords
Rendering keywords/edit
  [4;35;1mProduct Load (0.0ms)[0m   [0mSELECT * FROM "products" ORDER BY Name[0m
Exception occurred during reader method compilation.
Maybe updated
_at is not a valid Ruby identifier?
compile error
c:/ruby/lib/ruby/gems/1.8/gems/activerecord-2.3.2/lib/active_record/attribute_methods.rb:218: syntax error, unexpected tIDENTIFIER, expecting ')'
_at, time)
   ^
c:/ruby/lib/ruby/gems/1.8/gems/activerecord-2.3.2/lib/active_record/attribute_methods.rb:218: syntax error, unexpected ')', expecting '='
Completed in 101ms (View: 89, DB: 0) | 200 OK [http://localhost/keywords/1/edit]


Processing KeywordsController#edit (for 127.0.0.1 at 2009-05-15 15:18:44) [GET]
  Parameters: {"id"=>"1"}
  [4;36;1mKeyword Load (0.0ms)[0m   [0;1mSELECT * FROM "keywords" WHERE ("keywords"."id" = 1) [0m
Rendering template within layouts/keywords
Rendering keywords/edit
  [4;35;1mProduct Load (0.0ms)[0m   [0mSELECT * FROM "products" ORDER BY Name[0m
Exception occurred during reader method compilation.
Maybe updated
_at is not a valid Ruby identifier?
compile error
c:/ruby/lib/ruby/gems/1.8/gems/activerecord-2.3.2/lib/active_record/attribute_methods.rb:218: syntax error, unexpected tIDENTIFIER, expecting ')'
_at, time)
   ^
c:/ruby/lib/ruby/gems/1.8/gems/activerecord-2.3.2/lib/active_record/attribute_methods.rb:218: syntax error, unexpected ')', expecting '='

ActionView::TemplateError (Expected C:/Users/admin/Documents/Aptana Studio/UDSPC/app/models/product_model.rb to define Product_model) on line #17 of app/views/keywords/edit.html.erb:
14:   </p>
15:   <p>
16:     <%= f.label :product_model_id %><br />
17:     <%= f.select :product_model_id , Product_model.find(:all , :order => "Name").collect { |c|
18: 		[c.Name , c.id]}%>
19:   </p>
20:   <p>

    app/views/keywords/edit.html.erb:17
    app/views/keywords/edit.html.erb:3
    -e:2:in `load'
    -e:2

Rendered rescues/_trace (139.0ms)
Rendered rescues/_request_and_response (2.0ms)
Rendering rescues/layout (internal_server_error)


Processing KeywordsController#edit (for 127.0.0.1 at 2009-05-15 15:19:26) [GET]
  Parameters: {"id"=>"1"}
  [4;36;1mKeyword Load (0.0ms)[0m   [0;1mSELECT * FROM "keywords" WHERE ("keywords"."id" = 1) [0m
Rendering template within layouts/keywords
Rendering keywords/edit
  [4;35;1mProduct Load (1.0ms)[0m   [0mSELECT * FROM "products" ORDER BY Name[0m
Exception occurred during reader method compilation.
Maybe updated
_at is not a valid Ruby identifier?
compile error
c:/ruby/lib/ruby/gems/1.8/gems/activerecord-2.3.2/lib/active_record/attribute_methods.rb:218: syntax error, unexpected tIDENTIFIER, expecting ')'
_at, time)
   ^
c:/ruby/lib/ruby/gems/1.8/gems/activerecord-2.3.2/lib/active_record/attribute_methods.rb:218: syntax error, unexpected ')', expecting '='
  [4;36;1mProductModel Load (1.0ms)[0m   [0;1mSELECT * FROM "product_models" ORDER BY Name[0m
Completed in 117ms (View: 51, DB: 2) | 200 OK [http://localhost/keywords/1/edit]


Processing KeywordsController#edit (for 127.0.0.1 at 2009-05-15 15:20:42) [GET]
  Parameters: {"id"=>"1"}
  [4;35;1mKeyword Load (0.0ms)[0m   [0mSELECT * FROM "keywords" WHERE ("keywords"."id" = 1) [0m
Rendering template within layouts/keywords
Rendering keywords/edit
  [4;36;1mProduct Load (0.0ms)[0m   [0;1mSELECT * FROM "products" ORDER BY Name[0m
Exception occurred during reader method compilation.
Maybe updated
_at is not a valid Ruby identifier?
compile error
c:/ruby/lib/ruby/gems/1.8/gems/activerecord-2.3.2/lib/active_record/attribute_methods.rb:218: syntax error, unexpected tIDENTIFIER, expecting ')'
_at, time)
   ^
c:/ruby/lib/ruby/gems/1.8/gems/activerecord-2.3.2/lib/active_record/attribute_methods.rb:218: syntax error, unexpected ')', expecting '='
  [4;35;1mProductModel Load (1.0ms)[0m   [0mSELECT * FROM "product_models" ORDER BY Name[0m
Completed in 66ms (View: 51, DB: 1) | 200 OK [http://localhost/keywords/1/edit]


Processing KeywordsController#edit (for 127.0.0.1 at 2009-05-15 15:21:48) [GET]
  Parameters: {"id"=>"1"}
  [4;36;1mKeyword Load (0.0ms)[0m   [0;1mSELECT * FROM "keywords" WHERE ("keywords"."id" = 1) [0m
Rendering template within layouts/keywords
Rendering keywords/edit
  [4;35;1mProduct Load (1.0ms)[0m   [0mSELECT * FROM "products" ORDER BY Name[0m
Exception occurred during reader method compilation.
Maybe updated
_at is not a valid Ruby identifier?
compile error
c:/ruby/lib/ruby/gems/1.8/gems/activerecord-2.3.2/lib/active_record/attribute_methods.rb:218: syntax error, unexpected tIDENTIFIER, expecting ')'
_at, time)
   ^
c:/ruby/lib/ruby/gems/1.8/gems/activerecord-2.3.2/lib/active_record/attribute_methods.rb:218: syntax error, unexpected ')', expecting '='
  [4;36;1mProductModel Load (1.0ms)[0m   [0;1mSELECT * FROM "product_models" ORDER BY Name[0m
Completed in 122ms (View: 108, DB: 2) | 200 OK [http://localhost/keywords/1/edit]


Processing KeywordsController#edit (for 127.0.0.1 at 2009-05-15 15:22:21) [GET]
  Parameters: {"id"=>"1"}
  [4;35;1mKeyword Load (0.0ms)[0m   [0mSELECT * FROM "keywords" WHERE ("keywords"."id" = 1) [0m
Rendering template within layouts/keywords
Rendering keywords/edit
  [4;36;1mProduct Load (1.0ms)[0m   [0;1mSELECT * FROM "products" ORDER BY Name[0m
Exception occurred during reader method compilation.
Maybe updated
_at is not a valid Ruby identifier?
compile error
c:/ruby/lib/ruby/gems/1.8/gems/activerecord-2.3.2/lib/active_record/attribute_methods.rb:218: syntax error, unexpected tIDENTIFIER, expecting ')'
_at, time)
   ^
c:/ruby/lib/ruby/gems/1.8/gems/activerecord-2.3.2/lib/active_record/attribute_methods.rb:218: syntax error, unexpected ')', expecting '='
  [4;35;1mProductModel Load (1.0ms)[0m   [0mSELECT * FROM "product_models" ORDER BY Name[0m
Completed in 69ms (View: 50, DB: 2) | 200 OK [http://localhost/keywords/1/edit]


Processing KeywordsController#edit (for 127.0.0.1 at 2009-05-15 15:22:39) [GET]
  Parameters: {"id"=>"1"}
  [4;36;1mKeyword Load (1.0ms)[0m   [0;1mSELECT * FROM "keywords" WHERE ("keywords"."id" = 1) [0m
Rendering template within layouts/keywords
Rendering keywords/edit
  [4;35;1mProduct Load (0.0ms)[0m   [0mSELECT * FROM "products" ORDER BY Name[0m
Exception occurred during reader method compilation.
Maybe updated
_at is not a valid Ruby identifier?
compile error
c:/ruby/lib/ruby/gems/1.8/gems/activerecord-2.3.2/lib/active_record/attribute_methods.rb:218: syntax error, unexpected tIDENTIFIER, expecting ')'
_at, time)
   ^
c:/ruby/lib/ruby/gems/1.8/gems/activerecord-2.3.2/lib/active_record/attribute_methods.rb:218: syntax error, unexpected ')', expecting '='
  [4;36;1mProductModel Load (1.0ms)[0m   [0;1mSELECT * FROM "product_models" ORDER BY Name[0m
Completed in 64ms (View: 50, DB: 2) | 200 OK [http://localhost/keywords/1/edit]


Processing KeywordsController#edit (for 127.0.0.1 at 2009-05-15 15:23:14) [GET]
  Parameters: {"id"=>"1"}
  [4;35;1mKeyword Load (0.0ms)[0m   [0mSELECT * FROM "keywords" WHERE ("keywords"."id" = 1) [0m
Rendering template within layouts/keywords
Rendering keywords/edit
  [4;36;1mProduct Load (0.0ms)[0m   [0;1mSELECT * FROM "products" ORDER BY Name[0m
Exception occurred during reader method compilation.
Maybe updated
_at is not a valid Ruby identifier?
compile error
c:/ruby/lib/ruby/gems/1.8/gems/activerecord-2.3.2/lib/active_record/attribute_methods.rb:218: syntax error, unexpected tIDENTIFIER, expecting ')'
_at, time)
   ^
c:/ruby/lib/ruby/gems/1.8/gems/activerecord-2.3.2/lib/active_record/attribute_methods.rb:218: syntax error, unexpected ')', expecting '='
  [4;35;1mProductModel Load (1.0ms)[0m   [0mSELECT * FROM "product_models" ORDER BY Name[0m
Completed in 64ms (View: 50, DB: 1) | 200 OK [http://localhost/keywords/1/edit]


Processing KeywordsController#edit (for 127.0.0.1 at 2009-05-15 15:23:26) [GET]
  Parameters: {"id"=>"1"}
  [4;36;1mKeyword Load (0.0ms)[0m   [0;1mSELECT * FROM "keywords" WHERE ("keywords"."id" = 1) [0m
Rendering template within layouts/keywords
Rendering keywords/edit
  [4;35;1mProduct Load (1.0ms)[0m   [0mSELECT * FROM "products" ORDER BY Name[0m
Exception occurred during reader method compilation.
Maybe updated
_at is not a valid Ruby identifier?
compile error
c:/ruby/lib/ruby/gems/1.8/gems/activerecord-2.3.2/lib/active_record/attribute_methods.rb:218: syntax error, unexpected tIDENTIFIER, expecting ')'
_at, time)
   ^
c:/ruby/lib/ruby/gems/1.8/gems/activerecord-2.3.2/lib/active_record/attribute_methods.rb:218: syntax error, unexpected ')', expecting '='
  [4;36;1mProductModel Load (1.0ms)[0m   [0;1mSELECT * FROM "product_models" ORDER BY Name[0m
Completed in 143ms (View: 126, DB: 2) | 200 OK [http://localhost/keywords/1/edit]


Processing KeywordsController#edit (for 127.0.0.1 at 2009-05-15 15:27:27) [GET]
  Parameters: {"id"=>"1"}
  [4;35;1mKeyword Load (1.0ms)[0m   [0mSELECT * FROM "keywords" WHERE ("keywords"."id" = 1) [0m
Rendering template within layouts/keywords
Rendering keywords/edit
  [4;36;1mProduct Load (1.0ms)[0m   [0;1mSELECT * FROM "products" ORDER BY Name[0m
Exception occurred during reader method compilation.
Maybe updated
_at is not a valid Ruby identifier?
compile error
c:/ruby/lib/ruby/gems/1.8/gems/activerecord-2.3.2/lib/active_record/attribute_methods.rb:218: syntax error, unexpected tIDENTIFIER, expecting ')'
_at, time)
   ^
c:/ruby/lib/ruby/gems/1.8/gems/activerecord-2.3.2/lib/active_record/attribute_methods.rb:218: syntax error, unexpected ')', expecting '='
  [4;35;1mProductModel Load (1.0ms)[0m   [0mSELECT * FROM "product_models" ORDER BY Name[0m
Completed in 66ms (View: 52, DB: 3) | 200 OK [http://localhost/keywords/1/edit]


Processing KeywordsController#edit (for 127.0.0.1 at 2009-05-15 15:28:07) [GET]
  Parameters: {"id"=>"1"}
  [4;36;1mKeyword Load (1.0ms)[0m   [0;1mSELECT * FROM "keywords" WHERE ("keywords"."id" = 1) [0m
Rendering template within layouts/keywords
Rendering keywords/edit
  [4;35;1mProduct Load (0.0ms)[0m   [0mSELECT * FROM "products" ORDER BY Name[0m
Exception occurred during reader method compilation.
Maybe updated
_at is not a valid Ruby identifier?
compile error
c:/ruby/lib/ruby/gems/1.8/gems/activerecord-2.3.2/lib/active_record/attribute_methods.rb:218: syntax error, unexpected tIDENTIFIER, expecting ')'
_at, time)
   ^
c:/ruby/lib/ruby/gems/1.8/gems/activerecord-2.3.2/lib/active_record/attribute_methods.rb:218: syntax error, unexpected ')', expecting '='
  [4;36;1mProductModel Load (1.0ms)[0m   [0;1mSELECT * FROM "product_models" ORDER BY Name[0m
Completed in 63ms (View: 50, DB: 2) | 200 OK [http://localhost/keywords/1/edit]


Processing KeywordsController#index (for 127.0.0.1 at 2009-05-15 15:30:39) [GET]
  [4;35;1mKeyword Load (1.0ms)[0m   [0mSELECT * FROM "keywords" [0m
Rendering template within layouts/keywords
Rendering keywords/index
Completed in 24ms (View: 10, DB: 1) | 200 OK [http://localhost/keywords]


Processing KeywordsController#show (for 127.0.0.1 at 2009-05-15 15:30:42) [GET]
  Parameters: {"id"=>"1"}
  [4;36;1mKeyword Load (1.0ms)[0m   [0;1mSELECT * FROM "keywords" WHERE ("keywords"."id" = 1) [0m
Rendering template within layouts/keywords
Rendering keywords/show
  [4;35;1mProduct Load (1.0ms)[0m   [0mSELECT * FROM "products" WHERE ("products"."id" = 1) [0m
Exception occurred during reader method compilation.
Maybe updated
_at is not a valid Ruby identifier?
compile error
c:/ruby/lib/ruby/gems/1.8/gems/activerecord-2.3.2/lib/active_record/attribute_methods.rb:218: syntax error, unexpected tIDENTIFIER, expecting ')'
_at, time)
   ^
c:/ruby/lib/ruby/gems/1.8/gems/activerecord-2.3.2/lib/active_record/attribute_methods.rb:218: syntax error, unexpected ')', expecting '='

ActionView::TemplateError (undefined method `productModel' for #<Keyword:0x7298d4c>) on line #13 of app/views/keywords/show.html.erb:
10: 
11: <p>
12:   <b>Product Model:</b>
13:   <%=h @keyword.productModel.Name %>
14: </p>
15: 
16: <%= link_to 'Edit', edit_keyword_path(@keyword) %> |

    app/views/keywords/show.html.erb:13
    app/controllers/keywords_controller.rb:18:in `show'
    -e:2:in `load'
    -e:2

Rendered rescues/_trace (76.0ms)
Rendered rescues/_request_and_response (1.0ms)
Rendering rescues/layout (internal_server_error)


Processing KeywordsController#show (for 127.0.0.1 at 2009-05-15 15:31:05) [GET]
  Parameters: {"id"=>"1"}
  [4;36;1mKeyword Load (0.0ms)[0m   [0;1mSELECT * FROM "keywords" WHERE ("keywords"."id" = 1) [0m
Rendering template within layouts/keywords
Rendering keywords/show
  [4;35;1mProduct Load (1.0ms)[0m   [0mSELECT * FROM "products" WHERE ("products"."id" = 1) [0m
Exception occurred during reader method compilation.
Maybe updated
_at is not a valid Ruby identifier?
compile error
c:/ruby/lib/ruby/gems/1.8/gems/activerecord-2.3.2/lib/active_record/attribute_methods.rb:218: syntax error, unexpected tIDENTIFIER, expecting ')'
_at, time)
   ^
c:/ruby/lib/ruby/gems/1.8/gems/activerecord-2.3.2/lib/active_record/attribute_methods.rb:218: syntax error, unexpected ')', expecting '='
Completed in 38ms (View: 25, DB: 1) | 200 OK [http://localhost/keywords/1]


Processing KeywordsController#edit (for 127.0.0.1 at 2009-05-15 15:31:12) [GET]
  Parameters: {"id"=>"1"}
  [4;36;1mKeyword Load (1.0ms)[0m   [0;1mSELECT * FROM "keywords" WHERE ("keywords"."id" = 1) [0m
Rendering template within layouts/keywords
Rendering keywords/edit
  [4;35;1mProduct Load (1.0ms)[0m   [0mSELECT * FROM "products" ORDER BY Name[0m
Exception occurred during reader method compilation.
Maybe updated
_at is not a valid Ruby identifier?
compile error
c:/ruby/lib/ruby/gems/1.8/gems/activerecord-2.3.2/lib/active_record/attribute_methods.rb:218: syntax error, unexpected tIDENTIFIER, expecting ')'
_at, time)
   ^
c:/ruby/lib/ruby/gems/1.8/gems/activerecord-2.3.2/lib/active_record/attribute_methods.rb:218: syntax error, unexpected ')', expecting '='
  [4;36;1mProductModel Load (1.0ms)[0m   [0;1mSELECT * FROM "product_models" ORDER BY Name[0m
Completed in 57ms (View: 43, DB: 3) | 200 OK [http://localhost/keywords/1/edit]


Processing KeywordsController#update (for 127.0.0.1 at 2009-05-15 15:31:15) [PUT]
  Parameters: {"commit"=>"Update", "authenticity_token"=>"fZdmyAMvuIuGbh/WpP08EBwTQ/5Fqh3XoSi2IMHrhOg=", "id"=>"1", "keyword"=>{"product_model_id"=>"1", "product_id"=>"1", "Word"=>"dd"}}
  [4;35;1mKeyword Load (0.0ms)[0m   [0mSELECT * FROM "keywords" WHERE ("keywords"."id" = 1) [0m
  [4;36;1mKeyword Update (2.0ms)[0m   [0;1mUPDATE "keywords" SET "product_model_id" = 1, "updated_at" = '2009-05-15 12:31:15' WHERE "id" = 1[0m
Redirected to http://localhost:3002/keywords/1
Completed in 28ms (DB: 2) | 302 Found [http://localhost/keywords/1]


Processing KeywordsController#show (for 127.0.0.1 at 2009-05-15 15:31:15) [GET]
  Parameters: {"id"=>"1"}
  [4;35;1mKeyword Load (0.0ms)[0m   [0mSELECT * FROM "keywords" WHERE ("keywords"."id" = 1) [0m
Rendering template within layouts/keywords
Rendering keywords/show
  [4;36;1mProduct Load (1.0ms)[0m   [0;1mSELECT * FROM "products" WHERE ("products"."id" = 1) [0m
Exception occurred during reader method compilation.
Maybe updated
_at is not a valid Ruby identifier?
compile error
c:/ruby/lib/ruby/gems/1.8/gems/activerecord-2.3.2/lib/active_record/attribute_methods.rb:218: syntax error, unexpected tIDENTIFIER, expecting ')'
_at, time)
   ^
c:/ruby/lib/ruby/gems/1.8/gems/activerecord-2.3.2/lib/active_record/attribute_methods.rb:218: syntax error, unexpected ')', expecting '='
Completed in 35ms (View: 21, DB: 1) | 200 OK [http://localhost/keywords/1]


Processing KeywordsController#show (for 127.0.0.1 at 2009-05-15 15:31:24) [GET]
  Parameters: {"id"=>"1"}
  [4;35;1mKeyword Load (0.0ms)[0m   [0mSELECT * FROM "keywords" WHERE ("keywords"."id" = 1) [0m
Rendering template within layouts/keywords
Rendering keywords/show
  [4;36;1mProduct Load (1.0ms)[0m   [0;1mSELECT * FROM "products" WHERE ("products"."id" = 1) [0m
Exception occurred during reader method compilation.
Maybe updated
_at is not a valid Ruby identifier?
compile error
c:/ruby/lib/ruby/gems/1.8/gems/activerecord-2.3.2/lib/active_record/attribute_methods.rb:218: syntax error, unexpected tIDENTIFIER, expecting ')'
_at, time)
   ^
c:/ruby/lib/ruby/gems/1.8/gems/activerecord-2.3.2/lib/active_record/attribute_methods.rb:218: syntax error, unexpected ')', expecting '='
  [4;35;1mProductModel Load (1.0ms)[0m   [0mSELECT * FROM "product_models" WHERE ("product_models"."id" = 1) [0m
Completed in 54ms (View: 39, DB: 2) | 200 OK [http://localhost/keywords/1]


Processing KeywordsController#edit (for 127.0.0.1 at 2009-05-15 15:31:30) [GET]
  Parameters: {"id"=>"1"}
  [4;36;1mKeyword Load (0.0ms)[0m   [0;1mSELECT * FROM "keywords" WHERE ("keywords"."id" = 1) [0m
Rendering template within layouts/keywords
Rendering keywords/edit
  [4;35;1mProduct Load (0.0ms)[0m   [0mSELECT * FROM "products" ORDER BY Name[0m
Exception occurred during reader method compilation.
Maybe updated
_at is not a valid Ruby identifier?
compile error
c:/ruby/lib/ruby/gems/1.8/gems/activerecord-2.3.2/lib/active_record/attribute_methods.rb:218: syntax error, unexpected tIDENTIFIER, expecting ')'
_at, time)
   ^
c:/ruby/lib/ruby/gems/1.8/gems/activerecord-2.3.2/lib/active_record/attribute_methods.rb:218: syntax error, unexpected ')', expecting '='
  [4;36;1mProductModel Load (1.0ms)[0m   [0;1mSELECT * FROM "product_models" ORDER BY Name[0m
Completed in 67ms (View: 50, DB: 1) | 200 OK [http://localhost/keywords/1/edit]


Processing KeywordsController#update (for 127.0.0.1 at 2009-05-15 15:31:33) [PUT]
  Parameters: {"commit"=>"Update", "authenticity_token"=>"fZdmyAMvuIuGbh/WpP08EBwTQ/5Fqh3XoSi2IMHrhOg=", "id"=>"1", "keyword"=>{"product_model_id"=>"", "product_id"=>"1", "Word"=>"dd"}}
  [4;35;1mKeyword Load (0.0ms)[0m   [0mSELECT * FROM "keywords" WHERE ("keywords"."id" = 1) [0m
  [4;36;1mKeyword Update (2.0ms)[0m   [0;1mUPDATE "keywords" SET "product_model_id" = NULL, "updated_at" = '2009-05-15 12:31:33' WHERE "id" = 1[0m
Redirected to http://localhost:3002/keywords/1
Completed in 25ms (DB: 2) | 302 Found [http://localhost/keywords/1]


Processing KeywordsController#show (for 127.0.0.1 at 2009-05-15 15:31:33) [GET]
  Parameters: {"id"=>"1"}
  [4;35;1mKeyword Load (0.0ms)[0m   [0mSELECT * FROM "keywords" WHERE ("keywords"."id" = 1) [0m
Rendering template within layouts/keywords
Rendering keywords/show
  [4;36;1mProduct Load (1.0ms)[0m   [0;1mSELECT * FROM "products" WHERE ("products"."id" = 1) [0m
Exception occurred during reader method compilation.
Maybe updated
_at is not a valid Ruby identifier?
compile error
c:/ruby/lib/ruby/gems/1.8/gems/activerecord-2.3.2/lib/active_record/attribute_methods.rb:218: syntax error, unexpected tIDENTIFIER, expecting ')'
_at, time)
   ^
c:/ruby/lib/ruby/gems/1.8/gems/activerecord-2.3.2/lib/active_record/attribute_methods.rb:218: syntax error, unexpected ')', expecting '='

ActionView::TemplateError (You have a nil object when you didn't expect it!
The error occurred while evaluating nil.Name) on line #13 of app/views/keywords/show.html.erb:
10: 
11: <p>
12:   <b>Product Model:</b>
13:   <%=h @keyword.product_model.Name%>
14: </p>
15: 
16: <%= link_to 'Edit', edit_keyword_path(@keyword) %> |

    app/views/keywords/show.html.erb:13
    app/controllers/keywords_controller.rb:18:in `show'
    -e:2:in `load'
    -e:2

Rendered rescues/_trace (75.0ms)
Rendered rescues/_request_and_response (1.0ms)
Rendering rescues/layout (internal_server_error)


Processing KeywordsController#show (for 127.0.0.1 at 2009-05-15 15:33:55) [GET]
  Parameters: {"id"=>"1"}
  [4;35;1mKeyword Load (1.0ms)[0m   [0mSELECT * FROM "keywords" WHERE ("keywords"."id" = 1) [0m
Rendering template within layouts/keywords
Rendering keywords/show
  [4;36;1mProduct Load (0.0ms)[0m   [0;1mSELECT * FROM "products" WHERE ("products"."id" = 1) [0m
Exception occurred during reader method compilation.
Maybe updated
_at is not a valid Ruby identifier?
compile error
c:/ruby/lib/ruby/gems/1.8/gems/activerecord-2.3.2/lib/active_record/attribute_methods.rb:218: syntax error, unexpected tIDENTIFIER, expecting ')'
_at, time)
   ^
c:/ruby/lib/ruby/gems/1.8/gems/activerecord-2.3.2/lib/active_record/attribute_methods.rb:218: syntax error, unexpected ')', expecting '='
Completed in 47ms (View: 34, DB: 1) | 200 OK [http://localhost/keywords/1]


Processing KeywordsController#edit (for 127.0.0.1 at 2009-05-15 15:34:00) [GET]
  Parameters: {"id"=>"1"}
  [4;35;1mKeyword Load (0.0ms)[0m   [0mSELECT * FROM "keywords" WHERE ("keywords"."id" = 1) [0m
Rendering template within layouts/keywords
Rendering keywords/edit
  [4;36;1mProduct Load (0.0ms)[0m   [0;1mSELECT * FROM "products" ORDER BY Name[0m
Exception occurred during reader method compilation.
Maybe updated
_at is not a valid Ruby identifier?
compile error
c:/ruby/lib/ruby/gems/1.8/gems/activerecord-2.3.2/lib/active_record/attribute_methods.rb:218: syntax error, unexpected tIDENTIFIER, expecting ')'
_at, time)
   ^
c:/ruby/lib/ruby/gems/1.8/gems/activerecord-2.3.2/lib/active_record/attribute_methods.rb:218: syntax error, unexpected ')', expecting '='
  [4;35;1mProductModel Load (1.0ms)[0m   [0mSELECT * FROM "product_models" ORDER BY Name[0m
Completed in 58ms (View: 43, DB: 1) | 200 OK [http://localhost/keywords/1/edit]


Processing KeywordsController#update (for 127.0.0.1 at 2009-05-15 15:34:02) [PUT]
  Parameters: {"commit"=>"Update", "authenticity_token"=>"fZdmyAMvuIuGbh/WpP08EBwTQ/5Fqh3XoSi2IMHrhOg=", "id"=>"1", "keyword"=>{"product_model_id"=>"1", "product_id"=>"1", "Word"=>"dd"}}
  [4;36;1mKeyword Load (1.0ms)[0m   [0;1mSELECT * FROM "keywords" WHERE ("keywords"."id" = 1) [0m
  [4;35;1mKeyword Update (2.0ms)[0m   [0mUPDATE "keywords" SET "product_model_id" = 1, "updated_at" = '2009-05-15 12:34:02' WHERE "id" = 1[0m
Redirected to http://localhost:3002/keywords/1
Completed in 25ms (DB: 3) | 302 Found [http://localhost/keywords/1]


Processing KeywordsController#show (for 127.0.0.1 at 2009-05-15 15:34:02) [GET]
  Parameters: {"id"=>"1"}
  [4;36;1mKeyword Load (0.0ms)[0m   [0;1mSELECT * FROM "keywords" WHERE ("keywords"."id" = 1) [0m
Rendering template within layouts/keywords
Rendering keywords/show
  [4;35;1mProduct Load (0.0ms)[0m   [0mSELECT * FROM "products" WHERE ("products"."id" = 1) [0m
Exception occurred during reader method compilation.
Maybe updated
_at is not a valid Ruby identifier?
compile error
c:/ruby/lib/ruby/gems/1.8/gems/activerecord-2.3.2/lib/active_record/attribute_methods.rb:218: syntax error, unexpected tIDENTIFIER, expecting ')'
_at, time)
   ^
c:/ruby/lib/ruby/gems/1.8/gems/activerecord-2.3.2/lib/active_record/attribute_methods.rb:218: syntax error, unexpected ')', expecting '='
  [4;36;1mProductModel Load (1.0ms)[0m   [0;1mSELECT * FROM "product_models" WHERE ("product_models"."id" = 1) [0m
Completed in 51ms (View: 37, DB: 1) | 200 OK [http://localhost/keywords/1]


Processing KeywordsController#edit (for 127.0.0.1 at 2009-05-15 15:34:44) [GET]
  Parameters: {"id"=>"1"}
  [4;35;1mKeyword Load (0.0ms)[0m   [0mSELECT * FROM "keywords" WHERE ("keywords"."id" = 1) [0m
Rendering template within layouts/keywords
Rendering keywords/edit
  [4;36;1mProduct Load (1.0ms)[0m   [0;1mSELECT * FROM "products" ORDER BY Name[0m
Exception occurred during reader method compilation.
Maybe updated
_at is not a valid Ruby identifier?
compile error
c:/ruby/lib/ruby/gems/1.8/gems/activerecord-2.3.2/lib/active_record/attribute_methods.rb:218: syntax error, unexpected tIDENTIFIER, expecting ')'
_at, time)
   ^
c:/ruby/lib/ruby/gems/1.8/gems/activerecord-2.3.2/lib/active_record/attribute_methods.rb:218: syntax error, unexpected ')', expecting '='
  [4;35;1mProductModel Load (1.0ms)[0m   [0mSELECT * FROM "product_models" ORDER BY Name[0m
Completed in 58ms (View: 43, DB: 2) | 200 OK [http://localhost/keywords/1/edit]


Processing KeywordsController#update (for 127.0.0.1 at 2009-05-15 15:34:50) [PUT]
  Parameters: {"commit"=>"Update", "authenticity_token"=>"fZdmyAMvuIuGbh/WpP08EBwTQ/5Fqh3XoSi2IMHrhOg=", "id"=>"1", "keyword"=>{"product_model_id"=>"", "product_id"=>"", "Word"=>"dd"}}
  [4;36;1mKeyword Load (1.0ms)[0m   [0;1mSELECT * FROM "keywords" WHERE ("keywords"."id" = 1) [0m
  [4;35;1mKeyword Update (2.0ms)[0m   [0mUPDATE "keywords" SET "product_model_id" = NULL, "product_id" = NULL, "updated_at" = '2009-05-15 12:34:50' WHERE "id" = 1[0m
Redirected to http://localhost:3002/keywords/1
Completed in 26ms (DB: 3) | 302 Found [http://localhost/keywords/1]


Processing KeywordsController#show (for 127.0.0.1 at 2009-05-15 15:34:50) [GET]
  Parameters: {"id"=>"1"}
  [4;36;1mKeyword Load (0.0ms)[0m   [0;1mSELECT * FROM "keywords" WHERE ("keywords"."id" = 1) [0m
Rendering template within layouts/keywords
Rendering keywords/show
Completed in 42ms (View: 29, DB: 0) | 200 OK [http://localhost/keywords/1]


Processing KeywordsController#show (for 127.0.0.1 at 2009-05-15 15:37:14) [GET]
  Parameters: {"id"=>"1"}
  [4;35;1mKeyword Load (1.0ms)[0m   [0mSELECT * FROM "keywords" WHERE ("keywords"."id" = 1) [0m
Rendering template within layouts/keywords
Rendering keywords/show
Completed in 33ms (View: 20, DB: 1) | 200 OK [http://localhost/keywords/1]


Processing KeywordsController#index (for 127.0.0.1 at 2009-05-15 15:37:18) [GET]
  [4;36;1mKeyword Load (0.0ms)[0m   [0;1mSELECT * FROM "keywords" [0m
Rendering template within layouts/keywords
Rendering keywords/index

ActionView::TemplateError (You have a nil object when you didn't expect it!
The error occurred while evaluating nil.product) on line #13 of app/views/keywords/index.html.erb:
10:   <tr>
11:     <td><%=h keyword.Word %></td>
12:     <td>
13: 	  <%if @keyword.product != nil %>
14: 		  <%=h @keyword.product.Name %>
15: 	  <%end%>
16: 	</td>

    app/views/keywords/index.html.erb:13
    app/views/keywords/index.html.erb:9:in `each'
    app/views/keywords/index.html.erb:9
    app/controllers/keywords_controller.rb:7:in `index'
    -e:2:in `load'
    -e:2

Rendered rescues/_trace (138.0ms)
Rendered rescues/_request_and_response (1.0ms)
Rendering rescues/layout (internal_server_error)


Processing KeywordsController#index (for 127.0.0.1 at 2009-05-15 15:38:13) [GET]
  [4;35;1mKeyword Load (1.0ms)[0m   [0mSELECT * FROM "keywords" [0m
Rendering template within layouts/keywords
Rendering keywords/index
Completed in 24ms (View: 11, DB: 1) | 200 OK [http://localhost/keywords]


Processing KeywordsController#index (for 127.0.0.1 at 2009-05-15 15:38:33) [GET]
  [4;36;1mKeyword Load (1.0ms)[0m   [0;1mSELECT * FROM "keywords" [0m
Rendering template within layouts/keywords
Rendering keywords/index
Completed in 55ms (View: 40, DB: 1) | 200 OK [http://localhost/keywords]


Processing KeywordsController#index (for 127.0.0.1 at 2009-05-15 15:38:52) [GET]
  [4;35;1mKeyword Load (1.0ms)[0m   [0mSELECT * FROM "keywords" [0m
Rendering template within layouts/keywords
Rendering keywords/index
Completed in 103ms (View: 92, DB: 1) | 200 OK [http://localhost/keywords]


Processing KeywordsController#new (for 127.0.0.1 at 2009-05-15 15:39:49) [GET]
Rendering template within layouts/keywords
Rendering keywords/new
  [4;36;1mProduct Load (0.0ms)[0m   [0;1mSELECT * FROM "products" ORDER BY Name[0m
Exception occurred during reader method compilation.
Maybe updated
_at is not a valid Ruby identifier?
compile error
c:/ruby/lib/ruby/gems/1.8/gems/activerecord-2.3.2/lib/active_record/attribute_methods.rb:218: syntax error, unexpected tIDENTIFIER, expecting ')'
_at, time)
   ^
c:/ruby/lib/ruby/gems/1.8/gems/activerecord-2.3.2/lib/active_record/attribute_methods.rb:218: syntax error, unexpected ')', expecting '='
  [4;35;1mProductModel Load (1.0ms)[0m   [0mSELECT * FROM "product_models" ORDER BY Name[0m
Completed in 79ms (View: 62, DB: 1) | 200 OK [http://localhost/keywords/new]


Processing KeywordsController#index (for 127.0.0.1 at 2009-05-15 15:39:54) [GET]
  [4;36;1mKeyword Load (1.0ms)[0m   [0;1mSELECT * FROM "keywords" [0m
Rendering template within layouts/keywords
Rendering keywords/index
Completed in 34ms (View: 24, DB: 1) | 200 OK [http://localhost/keywords]


Processing KeywordsController#edit (for 127.0.0.1 at 2009-05-15 15:39:56) [GET]
  Parameters: {"id"=>"1"}
  [4;35;1mKeyword Load (1.0ms)[0m   [0mSELECT * FROM "keywords" WHERE ("keywords"."id" = 1) [0m
Rendering template within layouts/keywords
Rendering keywords/edit
  [4;36;1mProduct Load (0.0ms)[0m   [0;1mSELECT * FROM "products" ORDER BY Name[0m
Exception occurred during reader method compilation.
Maybe updated
_at is not a valid Ruby identifier?
compile error
c:/ruby/lib/ruby/gems/1.8/gems/activerecord-2.3.2/lib/active_record/attribute_methods.rb:218: syntax error, unexpected tIDENTIFIER, expecting ')'
_at, time)
   ^
c:/ruby/lib/ruby/gems/1.8/gems/activerecord-2.3.2/lib/active_record/attribute_methods.rb:218: syntax error, unexpected ')', expecting '='
  [4;35;1mProductModel Load (1.0ms)[0m   [0mSELECT * FROM "product_models" ORDER BY Name[0m
Completed in 60ms (View: 44, DB: 2) | 200 OK [http://localhost/keywords/1/edit]


Processing KeywordsController#index (for 127.0.0.1 at 2009-05-15 15:40:02) [GET]
  [4;36;1mKeyword Load (1.0ms)[0m   [0;1mSELECT * FROM "keywords" [0m
Rendering template within layouts/keywords
Rendering keywords/index
Completed in 35ms (View: 23, DB: 1) | 200 OK [http://localhost/keywords]


Processing KeywordsController#edit (for 127.0.0.1 at 2009-05-15 15:40:04) [GET]
  Parameters: {"id"=>"1"}
  [4;35;1mKeyword Load (0.0ms)[0m   [0mSELECT * FROM "keywords" WHERE ("keywords"."id" = 1) [0m
Rendering template within layouts/keywords
Rendering keywords/edit
  [4;36;1mProduct Load (1.0ms)[0m   [0;1mSELECT * FROM "products" ORDER BY Name[0m
Exception occurred during reader method compilation.
Maybe updated
_at is not a valid Ruby identifier?
compile error
c:/ruby/lib/ruby/gems/1.8/gems/activerecord-2.3.2/lib/active_record/attribute_methods.rb:218: syntax error, unexpected tIDENTIFIER, expecting ')'
_at, time)
   ^
c:/ruby/lib/ruby/gems/1.8/gems/activerecord-2.3.2/lib/active_record/attribute_methods.rb:218: syntax error, unexpected ')', expecting '='
  [4;35;1mProductModel Load (1.0ms)[0m   [0mSELECT * FROM "product_models" ORDER BY Name[0m
Completed in 120ms (View: 106, DB: 2) | 200 OK [http://localhost/keywords/1/edit]


Processing KeywordsController#index (for 127.0.0.1 at 2009-05-15 15:40:06) [GET]
  [4;36;1mKeyword Load (1.0ms)[0m   [0;1mSELECT * FROM "keywords" [0m
Rendering template within layouts/keywords
Rendering keywords/index
Completed in 34ms (View: 23, DB: 1) | 200 OK [http://localhost/keywords]


Processing KeywordsController#show (for 127.0.0.1 at 2009-05-15 15:40:07) [GET]
  Parameters: {"id"=>"1"}
  [4;35;1mKeyword Load (0.0ms)[0m   [0mSELECT * FROM "keywords" WHERE ("keywords"."id" = 1) [0m
Rendering template within layouts/keywords
Rendering keywords/show
Completed in 42ms (View: 25, DB: 0) | 200 OK [http://localhost/keywords/1]


Processing KeywordsController#edit (for 127.0.0.1 at 2009-05-15 15:40:09) [GET]
  Parameters: {"id"=>"1"}
  [4;36;1mKeyword Load (0.0ms)[0m   [0;1mSELECT * FROM "keywords" WHERE ("keywords"."id" = 1) [0m
Rendering template within layouts/keywords
Rendering keywords/edit
  [4;35;1mProduct Load (1.0ms)[0m   [0mSELECT * FROM "products" ORDER BY Name[0m
Exception occurred during reader method compilation.
Maybe updated
_at is not a valid Ruby identifier?
compile error
c:/ruby/lib/ruby/gems/1.8/gems/activerecord-2.3.2/lib/active_record/attribute_methods.rb:218: syntax error, unexpected tIDENTIFIER, expecting ')'
_at, time)
   ^
c:/ruby/lib/ruby/gems/1.8/gems/activerecord-2.3.2/lib/active_record/attribute_methods.rb:218: syntax error, unexpected ')', expecting '='
  [4;36;1mProductModel Load (1.0ms)[0m   [0;1mSELECT * FROM "product_models" ORDER BY Name[0m
Completed in 56ms (View: 42, DB: 2) | 200 OK [http://localhost/keywords/1/edit]


Processing KeywordsController#update (for 127.0.0.1 at 2009-05-15 15:40:13) [PUT]
  Parameters: {"commit"=>"Update", "authenticity_token"=>"fZdmyAMvuIuGbh/WpP08EBwTQ/5Fqh3XoSi2IMHrhOg=", "id"=>"1", "keyword"=>{"product_model_id"=>"", "product_id"=>"1", "Word"=>"dd"}}
  [4;35;1mKeyword Load (0.0ms)[0m   [0mSELECT * FROM "keywords" WHERE ("keywords"."id" = 1) [0m
  [4;36;1mKeyword Update (2.0ms)[0m   [0;1mUPDATE "keywords" SET "product_id" = 1, "updated_at" = '2009-05-15 12:40:13' WHERE "id" = 1[0m
Redirected to http://localhost:3002/keywords/1
Completed in 24ms (DB: 2) | 302 Found [http://localhost/keywords/1]


Processing KeywordsController#show (for 127.0.0.1 at 2009-05-15 15:40:13) [GET]
  Parameters: {"id"=>"1"}
  [4;35;1mKeyword Load (0.0ms)[0m   [0mSELECT * FROM "keywords" WHERE ("keywords"."id" = 1) [0m
Rendering template within layouts/keywords
Rendering keywords/show
  [4;36;1mProduct Load (1.0ms)[0m   [0;1mSELECT * FROM "products" WHERE ("products"."id" = 1) [0m
Exception occurred during reader method compilation.
Maybe updated
_at is not a valid Ruby identifier?
compile error
c:/ruby/lib/ruby/gems/1.8/gems/activerecord-2.3.2/lib/active_record/attribute_methods.rb:218: syntax error, unexpected tIDENTIFIER, expecting ')'
_at, time)
   ^
c:/ruby/lib/ruby/gems/1.8/gems/activerecord-2.3.2/lib/active_record/attribute_methods.rb:218: syntax error, unexpected ')', expecting '='
Completed in 45ms (View: 31, DB: 1) | 200 OK [http://localhost/keywords/1]
  [4;36;1mSQL (1.0ms)[0m   [0;1m SELECT name
 FROM sqlite_master
 WHERE type = 'table' AND NOT name = 'sqlite_sequence'
[0m
  [4;35;1mSQL (0.0ms)[0m   [0mSELECT version FROM schema_migrations[0m
Migrating to CreateCategories (20090428201410)
Migrating to CreateProducts (20090428201649)
Migrating to CreateProductModels (20090428202057)
Migrating to CreateKeywords (20090515120410)
Migrating to AddProductModelIdToKeywords (20090515121225)
Migrating to CreateOrders (20090515125440)
  [4;36;1mSQL (0.0ms)[0m   [0;1mselect sqlite_version(*)[0m
  [4;35;1mSQL (2.0ms)[0m   [0mCREATE TABLE "orders" ("id" INTEGER PRIMARY KEY AUTOINCREMENT NOT NULL, "OrderDate" datetime, "ConfimationNumber" integer, "OrderStatus" integer, "TotalPrice" decimal, "PaymentMethod" integer, "PurchaseNumber" integer, "ShippingCosts" decimal, "created_at" datetime, "updated_at" datetime) [0m
  [4;36;1mSQL (0.0ms)[0m   [0;1mINSERT INTO schema_migrations (version) VALUES ('20090515125440')[0m
  [4;35;1mSQL (2.0ms)[0m   [0m SELECT name
 FROM sqlite_master
 WHERE type = 'table' AND NOT name = 'sqlite_sequence'
[0m
  [4;36;1mSQL (1.0ms)[0m   [0;1mSELECT version FROM schema_migrations[0m
  [4;35;1mSQL (1.0ms)[0m   [0m SELECT name
 FROM sqlite_master
 WHERE type = 'table' AND NOT name = 'sqlite_sequence'
[0m
  [4;36;1mSQL (0.0ms)[0m   [0;1mPRAGMA index_list("categories")[0m
  [4;35;1mSQL (0.0ms)[0m   [0mPRAGMA index_list("keywords")[0m
  [4;36;1mSQL (0.0ms)[0m   [0;1mPRAGMA index_list("orders")[0m
  [4;35;1mSQL (0.0ms)[0m   [0mPRAGMA index_list("product_models")[0m
  [4;36;1mSQL (0.0ms)[0m   [0;1mPRAGMA index_list("products")[0m


Processing OrdersController#index (for 127.0.0.1 at 2009-05-15 15:55:22) [GET]
  [4;35;1mOrder Load (1.0ms)[0m   [0mSELECT * FROM "orders" [0m
Rendering template within layouts/orders
Rendering orders/index
Completed in 34ms (View: 23, DB: 1) | 200 OK [http://localhost/orders]
  [4;36;1mSQL (1.0ms)[0m   [0;1m SELECT name
 FROM sqlite_master
 WHERE type = 'table' AND NOT name = 'sqlite_sequence'
[0m
  [4;35;1mSQL (0.0ms)[0m   [0mSELECT version FROM schema_migrations[0m
Migrating to CreateCategories (20090428201410)
Migrating to CreateProducts (20090428201649)
Migrating to CreateProductModels (20090428202057)
Migrating to CreateKeywords (20090515120410)
Migrating to AddProductModelIdToKeywords (20090515121225)
Migrating to CreateOrders (20090515125440)
Migrating to CreateOrderItems (20090515130252)
  [4;36;1mSQL (0.0ms)[0m   [0;1mselect sqlite_version(*)[0m
  [4;36;1mSQL (1.0ms)[0m   [0;1m SELECT name
 FROM sqlite_master
 WHERE type = 'table' AND NOT name = 'sqlite_sequence'
[0m
  [4;35;1mSQL (0.0ms)[0m   [0mSELECT version FROM schema_migrations[0m
Migrating to CreateCategories (20090428201410)
Migrating to CreateProducts (20090428201649)
Migrating to CreateProductModels (20090428202057)
Migrating to CreateKeywords (20090515120410)
Migrating to AddProductModelIdToKeywords (20090515121225)
Migrating to CreateOrders (20090515125440)
Migrating to CreateOrderItems (20090515130706)
  [4;36;1mSQL (0.0ms)[0m   [0;1mselect sqlite_version(*)[0m
  [4;35;1mSQL (1.0ms)[0m   [0mCREATE TABLE "order_items" ("id" INTEGER PRIMARY KEY AUTOINCREMENT NOT NULL, "order_id" integer, "Quantity" integer, "ItemPrice" decimal, "Taxs" decimal, "discount" decimal, "created_at" datetime, "updated_at" datetime) [0m
  [4;36;1mSQL (0.0ms)[0m   [0;1mINSERT INTO schema_migrations (version) VALUES ('20090515130706')[0m
  [4;35;1mSQL (0.0ms)[0m   [0m SELECT name
 FROM sqlite_master
 WHERE type = 'table' AND NOT name = 'sqlite_sequence'
[0m
  [4;36;1mSQL (2.0ms)[0m   [0;1mSELECT version FROM schema_migrations[0m
  [4;35;1mSQL (0.0ms)[0m   [0m SELECT name
 FROM sqlite_master
 WHERE type = 'table' AND NOT name = 'sqlite_sequence'
[0m
  [4;36;1mSQL (0.0ms)[0m   [0;1mPRAGMA index_list("categories")[0m
  [4;35;1mSQL (0.0ms)[0m   [0mPRAGMA index_list("keywords")[0m
  [4;36;1mSQL (0.0ms)[0m   [0;1mPRAGMA index_list("order_items")[0m
  [4;35;1mSQL (0.0ms)[0m   [0mPRAGMA index_list("orders")[0m
  [4;36;1mSQL (0.0ms)[0m   [0;1mPRAGMA index_list("product_models")[0m
  [4;35;1mSQL (0.0ms)[0m   [0mPRAGMA index_list("products")[0m


Processing ApplicationController#index (for 127.0.0.1 at 2009-05-15 16:14:58) [GET]

ActionController::RoutingError (No route matches "/order_models" with {:method=>:get}):
  -e:2:in `load'
  -e:2

Rendering rescues/layout (not_found)


Processing OrderItemsController#index (for 127.0.0.1 at 2009-05-15 16:15:09) [GET]
  [4;36;1mOrderItem Load (1.0ms)[0m   [0;1mSELECT * FROM "order_items" [0m
Rendering template within layouts/order_items
Rendering order_items/index
Completed in 34ms (View: 23, DB: 1) | 200 OK [http://localhost/order_items]


Processing OrderItemsController#new (for 127.0.0.1 at 2009-05-15 16:15:12) [GET]
Rendering template within layouts/order_items
Rendering order_items/new
Completed in 27ms (View: 14, DB: 0) | 200 OK [http://localhost/order_items/new]


Processing OrderItemsController#create (for 127.0.0.1 at 2009-05-15 16:15:17) [POST]
  Parameters: {"commit"=>"Create", "authenticity_token"=>"fZdmyAMvuIuGbh/WpP08EBwTQ/5Fqh3XoSi2IMHrhOg=", "order_item"=>{"ItemPrice"=>"", "Quantity"=>"", "discount"=>"", "order_id"=>"", "Taxs"=>"22.2"}}
  [4;35;1mOrderItem Create (1.0ms)[0m   [0mINSERT INTO "order_items" ("Quantity", "ItemPrice", "order_id", "discount", "updated_at", "Taxs", "created_at") VALUES(NULL, NULL, NULL, NULL, '2009-05-15 13:15:17', 22.2, '2009-05-15 13:15:17')[0m
Redirected to http://localhost:3002/order_items/1
Completed in 88ms (DB: 1) | 302 Found [http://localhost/order_items]


Processing OrderItemsController#show (for 127.0.0.1 at 2009-05-15 16:15:17) [GET]
  Parameters: {"id"=>"1"}
  [4;36;1mOrderItem Load (1.0ms)[0m   [0;1mSELECT * FROM "order_items" WHERE ("order_items"."id" = 1) [0m
Rendering template within layouts/order_items
Rendering order_items/show
Completed in 34ms (View: 13, DB: 1) | 200 OK [http://localhost/order_items/1]


Processing OrderItemsController#index (for 127.0.0.1 at 2009-05-15 16:15:20) [GET]
  [4;35;1mOrderItem Load (1.0ms)[0m   [0mSELECT * FROM "order_items" [0m
Rendering template within layouts/order_items
Rendering order_items/index
Completed in 23ms (View: 9, DB: 1) | 200 OK [http://localhost/order_items]
